INFO: [VRFC 10-163] Analyzing VHDL file "/home/imbergam/Documents/4IR/projet-info/processeur/processeur.srcs/sources_1/new/ALU.vhd" into library xil_defaultlib
INFO: [VRFC 10-307] analyzing entity ALU
INFO: [VRFC 10-163] Analyzing VHDL file "/home/imbergam/Documents/4IR/projet-info/processeur/processeur.srcs/sources_1/new/registers.vhd" into library xil_defaultlib
INFO: [VRFC 10-307] analyzing entity registers
INFO: [VRFC 10-163] Analyzing VHDL file "/home/imbergam/Documents/4IR/projet-info/processeur/processeur.srcs/sim_1/new/ALU_Test.vhd" into library xil_defaultlib
INFO: [VRFC 10-307] analyzing entity ALU_Test
INFO: [VRFC 10-163] Analyzing VHDL file "/home/imbergam/Documents/4IR/projet-info/processeur/processeur.srcs/sim_1/new/ALU_Test.vhd" into library xil_defaultlib
INFO: [VRFC 10-307] analyzing entity ALU_Test
INFO: [VRFC 10-163] Analyzing VHDL file "/home/imbergam/Documents/4IR/projet-info/processeur/processeur.srcs/sim_1/new/ALU_Test.vhd" into library xil_defaultlib
INFO: [VRFC 10-307] analyzing entity ALU_Test
INFO: [VRFC 10-163] Analyzing VHDL file "/home/imbergam/Documents/4IR/projet-info/processeur/processeur.srcs/sim_1/new/ALU_Test.vhd" into library xil_defaultlib
INFO: [VRFC 10-307] analyzing entity ALU_Test
INFO: [VRFC 10-163] Analyzing VHDL file "/home/imbergam/Documents/4IR/projet-info/processeur/processeur.srcs/sim_1/new/ALU_Test.vhd" into library xil_defaultlib
INFO: [VRFC 10-307] analyzing entity ALU_Test
INFO: [VRFC 10-163] Analyzing VHDL file "/home/imbergam/Documents/4IR/projet-info/processeur/processeur.srcs/sim_1/new/ALU_Test.vhd" into library xil_defaultlib
INFO: [VRFC 10-307] analyzing entity ALU_Test
INFO: [VRFC 10-163] Analyzing VHDL file "/home/imbergam/Documents/4IR/projet-info/processeur/processeur.srcs/sim_1/new/ALU_Test.vhd" into library xil_defaultlib
INFO: [VRFC 10-307] analyzing entity ALU_Test
INFO: [VRFC 10-163] Analyzing VHDL file "/home/imbergam/Documents/4IR/projet-info/processeur/processeur.srcs/sources_1/new/ALU.vhd" into library xil_defaultlib
INFO: [VRFC 10-307] analyzing entity ALU
INFO: [VRFC 10-163] Analyzing VHDL file "/home/imbergam/Documents/4IR/projet-info/processeur/processeur.srcs/sim_1/new/ALU_Test.vhd" into library xil_defaultlib
INFO: [VRFC 10-307] analyzing entity ALU_Test
INFO: [VRFC 10-163] Analyzing VHDL file "/home/imbergam/Documents/4IR/projet-info/processeur/processeur.srcs/sources_1/new/registers.vhd" into library xil_defaultlib
INFO: [VRFC 10-307] analyzing entity registers
INFO: [VRFC 10-163] Analyzing VHDL file "/home/imbergam/Documents/4IR/projet-info/processeur/processeur.srcs/sources_1/new/registers.vhd" into library xil_defaultlib
INFO: [VRFC 10-307] analyzing entity registers
INFO: [VRFC 10-163] Analyzing VHDL file "/home/imbergam/Documents/4IR/projet-info/processeur/processeur.srcs/sim_1/new/ALU_Test.vhd" into library xil_defaultlib
INFO: [VRFC 10-307] analyzing entity ALU_Test
INFO: [VRFC 10-163] Analyzing VHDL file "/home/imbergam/Documents/4IR/projet-info/processeur/processeur.srcs/sim_1/new/regs_Test.vhd" into library xil_defaultlib
INFO: [VRFC 10-307] analyzing entity regs_Test
INFO: [VRFC 10-163] Analyzing VHDL file "/home/imbergam/Documents/4IR/projet-info/processeur/processeur.srcs/sim_1/new/regs_Test.vhd" into library xil_defaultlib
INFO: [VRFC 10-307] analyzing entity regs_Test
INFO: [VRFC 10-163] Analyzing VHDL file "/home/imbergam/Documents/4IR/projet-info/processeur/processeur.srcs/sources_1/new/registers.vhd" into library xil_defaultlib
INFO: [VRFC 10-307] analyzing entity registers
INFO: [VRFC 10-163] Analyzing VHDL file "/home/imbergam/Documents/4IR/projet-info/processeur/processeur.srcs/sim_1/new/regs_Test.vhd" into library xil_defaultlib
INFO: [VRFC 10-307] analyzing entity regs_Test
INFO: [VRFC 10-163] Analyzing VHDL file "/home/imbergam/Documents/4IR/projet-info/processeur/processeur.srcs/sim_1/new/regs_Test.vhd" into library xil_defaultlib
INFO: [VRFC 10-307] analyzing entity regs_Test
INFO: [VRFC 10-163] Analyzing VHDL file "/home/imbergam/Documents/4IR/projet-info/processeur/processeur.srcs/sim_1/new/regs_Test.vhd" into library xil_defaultlib
INFO: [VRFC 10-307] analyzing entity regs_Test
INFO: [VRFC 10-163] Analyzing VHDL file "/home/imbergam/Documents/4IR/projet-info/processeur/processeur.srcs/sim_1/new/regs_Test.vhd" into library xil_defaultlib
INFO: [VRFC 10-307] analyzing entity regs_Test
INFO: [VRFC 10-163] Analyzing VHDL file "/home/imbergam/Documents/4IR/projet-info/processeur/processeur.srcs/sim_1/new/regs_Test.vhd" into library xil_defaultlib
INFO: [VRFC 10-307] analyzing entity regs_Test
INFO: [VRFC 10-163] Analyzing VHDL file "/home/imbergam/Documents/4IR/projet-info/processeur/processeur.srcs/sources_1/new/registers.vhd" into library xil_defaultlib
INFO: [VRFC 10-307] analyzing entity registers
INFO: [VRFC 10-163] Analyzing VHDL file "/home/imbergam/Documents/4IR/projet-info/processeur/processeur.srcs/sources_1/new/registers.vhd" into library xil_defaultlib
INFO: [VRFC 10-307] analyzing entity registers
INFO: [VRFC 10-163] Analyzing VHDL file "/home/imbergam/Documents/4IR/projet-info/processeur/processeur.srcs/sim_1/new/regs_Test.vhd" into library xil_defaultlib
INFO: [VRFC 10-307] analyzing entity regs_Test
INFO: [VRFC 10-163] Analyzing VHDL file "/home/imbergam/Documents/4IR/projet-info/processeur/processeur.srcs/sim_1/new/regs_Test.vhd" into library xil_defaultlib
INFO: [VRFC 10-307] analyzing entity regs_Test
INFO: [VRFC 10-163] Analyzing VHDL file "/home/imbergam/Documents/4IR/projet-info/processeur/processeur.srcs/sim_1/new/regs_Test.vhd" into library xil_defaultlib
INFO: [VRFC 10-307] analyzing entity regs_Test
INFO: [VRFC 10-163] Analyzing VHDL file "/home/imbergam/Documents/4IR/projet-info/processeur/processeur.srcs/sim_1/new/regs_Test.vhd" into library xil_defaultlib
INFO: [VRFC 10-307] analyzing entity regs_Test
INFO: [VRFC 10-163] Analyzing VHDL file "/home/imbergam/Documents/4IR/projet-info/processeur/processeur.srcs/sources_1/new/registers.vhd" into library xil_defaultlib
INFO: [VRFC 10-307] analyzing entity registers
INFO: [VRFC 10-163] Analyzing VHDL file "/home/imbergam/Documents/4IR/projet-info/processeur/processeur.srcs/sim_1/new/regs_Test.vhd" into library xil_defaultlib
INFO: [VRFC 10-307] analyzing entity regs_Test
INFO: [VRFC 10-163] Analyzing VHDL file "/home/imbergam/Documents/4IR/projet-info/processeur/processeur.srcs/sources_1/new/registers.vhd" into library xil_defaultlib
INFO: [VRFC 10-307] analyzing entity registers
INFO: [VRFC 10-163] Analyzing VHDL file "/home/imbergam/Documents/4IR/projet-info/processeur/processeur.srcs/sim_1/new/regs_Test.vhd" into library xil_defaultlib
INFO: [VRFC 10-307] analyzing entity regs_Test
INFO: [VRFC 10-163] Analyzing VHDL file "/home/imbergam/Documents/4IR/projet-info/processeur/processeur.srcs/sources_1/new/registers.vhd" into library xil_defaultlib
INFO: [VRFC 10-307] analyzing entity registers
INFO: [VRFC 10-163] Analyzing VHDL file "/home/imbergam/Documents/4IR/projet-info/processeur/processeur.srcs/sources_1/new/registers.vhd" into library xil_defaultlib
INFO: [VRFC 10-307] analyzing entity registers
INFO: [VRFC 10-163] Analyzing VHDL file "/home/imbergam/Documents/4IR/projet-info/processeur/processeur.srcs/sim_1/new/regs_Test.vhd" into library xil_defaultlib
INFO: [VRFC 10-307] analyzing entity regs_Test
INFO: [VRFC 10-163] Analyzing VHDL file "/home/imbergam/Documents/4IR/projet-info/processeur/processeur.srcs/sources_1/new/registers.vhd" into library xil_defaultlib
INFO: [VRFC 10-307] analyzing entity registers
INFO: [VRFC 10-163] Analyzing VHDL file "/home/imbergam/Documents/4IR/projet-info/processeur/processeur.srcs/sources_1/new/data_bench.vhd" into library xil_defaultlib
INFO: [VRFC 10-307] analyzing entity data_bench
INFO: [VRFC 10-163] Analyzing VHDL file "/home/imbergam/Documents/4IR/projet-info/processeur/processeur.srcs/sources_1/new/code_bench.vhd" into library xil_defaultlib
INFO: [VRFC 10-307] analyzing entity code_bench
INFO: [VRFC 10-163] Analyzing VHDL file "/home/imbergam/Documents/4IR/projet-info/processeur/processeur.srcs/sources_1/new/sync.vhd" into library xil_defaultlib
INFO: [VRFC 10-307] analyzing entity sync
INFO: [VRFC 10-163] Analyzing VHDL file "/home/imbergam/Documents/4IR/projet-info/processeur/processeur.srcs/sim_1/new/CPU_sim.vhd" into library xil_defaultlib
INFO: [VRFC 10-307] analyzing entity CPU_sim
INFO: [VRFC 10-163] Analyzing VHDL file "/home/imbergam/Documents/4IR/projet-info/processeur/processeur.srcs/sim_1/new/CPU_sim.vhd" into library xil_defaultlib
INFO: [VRFC 10-307] analyzing entity CPU_sim
INFO: [VRFC 10-163] Analyzing VHDL file "/home/imbergam/Documents/4IR/projet-info/processeur/processeur.srcs/sim_1/new/CPU_sim.vhd" into library xil_defaultlib
INFO: [VRFC 10-307] analyzing entity CPU_sim
INFO: [VRFC 10-163] Analyzing VHDL file "/home/imbergam/Documents/4IR/projet-info/processeur/processeur.srcs/sources_1/new/code_bench.vhd" into library xil_defaultlib
INFO: [VRFC 10-307] analyzing entity code_bench
INFO: [VRFC 10-163] Analyzing VHDL file "/home/imbergam/Documents/4IR/projet-info/processeur/processeur.srcs/sources_1/new/CPU.vhd" into library xil_defaultlib
INFO: [VRFC 10-307] analyzing entity CPU
INFO: [VRFC 10-163] Analyzing VHDL file "/home/imbergam/Documents/4IR/projet-info/processeur/processeur.srcs/sources_1/new/compteur_8bits.vhd" into library xil_defaultlib
INFO: [VRFC 10-307] analyzing entity compteur_8bits
INFO: [VRFC 10-163] Analyzing VHDL file "/home/imbergam/Documents/4IR/projet-info/processeur/processeur.srcs/sim_1/new/CPU_sim.vhd" into library xil_defaultlib
INFO: [VRFC 10-307] analyzing entity CPU_sim
INFO: [VRFC 10-163] Analyzing VHDL file "/home/imbergam/Documents/4IR/projet-info/processeur/processeur.srcs/sim_1/new/CPU_sim.vhd" into library xil_defaultlib
INFO: [VRFC 10-307] analyzing entity CPU_sim
INFO: [VRFC 10-163] Analyzing VHDL file "/home/imbergam/Documents/4IR/projet-info/processeur/processeur.srcs/sources_1/new/CPU.vhd" into library xil_defaultlib
INFO: [VRFC 10-307] analyzing entity CPU
INFO: [VRFC 10-163] Analyzing VHDL file "/home/imbergam/Documents/4IR/projet-info/processeur/processeur.srcs/sources_1/new/CPU.vhd" into library xil_defaultlib
INFO: [VRFC 10-307] analyzing entity CPU
INFO: [VRFC 10-163] Analyzing VHDL file "/home/imbergam/Documents/4IR/projet-info/processeur/processeur.srcs/sources_1/new/LC.vhd" into library xil_defaultlib
INFO: [VRFC 10-307] analyzing entity LC
INFO: [VRFC 10-163] Analyzing VHDL file "/home/imbergam/Documents/4IR/projet-info/processeur/processeur.srcs/sources_1/new/CPU.vhd" into library xil_defaultlib
INFO: [VRFC 10-307] analyzing entity CPU
INFO: [VRFC 10-163] Analyzing VHDL file "/home/imbergam/Documents/4IR/projet-info/processeur/processeur.srcs/sim_1/new/CPU_sim.vhd" into library xil_defaultlib
INFO: [VRFC 10-307] analyzing entity CPU_sim
INFO: [VRFC 10-163] Analyzing VHDL file "/home/imbergam/Documents/4IR/projet-info/processeur/processeur.srcs/sources_1/new/CPU.vhd" into library xil_defaultlib
INFO: [VRFC 10-307] analyzing entity CPU
INFO: [VRFC 10-163] Analyzing VHDL file "/home/imbergam/Documents/4IR/projet-info/processeur/processeur.srcs/sources_1/new/MUX_DI.vhd" into library xil_defaultlib
INFO: [VRFC 10-307] analyzing entity MUX_DI
INFO: [VRFC 10-163] Analyzing VHDL file "/home/imbergam/Documents/4IR/projet-info/processeur/processeur.srcs/sources_1/new/code_bench.vhd" into library xil_defaultlib
INFO: [VRFC 10-307] analyzing entity code_bench
INFO: [VRFC 10-163] Analyzing VHDL file "/home/imbergam/Documents/4IR/projet-info/processeur/processeur.srcs/sources_1/new/LC.vhd" into library xil_defaultlib
INFO: [VRFC 10-307] analyzing entity LC
INFO: [VRFC 10-163] Analyzing VHDL file "/home/imbergam/Documents/4IR/projet-info/processeur/processeur.srcs/sources_1/new/code_bench.vhd" into library xil_defaultlib
INFO: [VRFC 10-307] analyzing entity code_bench
INFO: [VRFC 10-163] Analyzing VHDL file "/home/imbergam/Documents/4IR/projet-info/processeur/processeur.srcs/sources_1/new/code_bench.vhd" into library xil_defaultlib
INFO: [VRFC 10-307] analyzing entity code_bench
INFO: [VRFC 10-163] Analyzing VHDL file "/home/imbergam/Documents/4IR/projet-info/processeur/processeur.srcs/sources_1/new/ALU.vhd" into library xil_defaultlib
INFO: [VRFC 10-307] analyzing entity ALU
INFO: [VRFC 10-163] Analyzing VHDL file "/home/imbergam/Documents/4IR/projet-info/processeur/processeur.srcs/sources_1/new/CPU.vhd" into library xil_defaultlib
INFO: [VRFC 10-307] analyzing entity CPU
INFO: [VRFC 10-163] Analyzing VHDL file "/home/imbergam/Documents/4IR/projet-info/processeur/processeur.srcs/sources_1/new/LC_ALU.vhd" into library xil_defaultlib
INFO: [VRFC 10-307] analyzing entity LC_ALU
INFO: [VRFC 10-163] Analyzing VHDL file "/home/imbergam/Documents/4IR/projet-info/processeur/processeur.srcs/sources_1/new/MUX_EX.vhd" into library xil_defaultlib
INFO: [VRFC 10-307] analyzing entity MUX_EX
INFO: [VRFC 10-163] Analyzing VHDL file "/home/g_robert/tmp_PSI/projet-info/processeur/processeur.srcs/sources_1/new/ALU.vhd" into library xil_defaultlib
INFO: [VRFC 10-307] analyzing entity ALU
INFO: [VRFC 10-163] Analyzing VHDL file "/home/g_robert/tmp_PSI/projet-info/processeur/processeur.srcs/sources_1/new/registers.vhd" into library xil_defaultlib
INFO: [VRFC 10-307] analyzing entity registers
INFO: [VRFC 10-163] Analyzing VHDL file "/home/g_robert/tmp_PSI/projet-info/processeur/processeur.srcs/sources_1/new/data_bench.vhd" into library xil_defaultlib
INFO: [VRFC 10-307] analyzing entity data_bench
INFO: [VRFC 10-163] Analyzing VHDL file "/home/g_robert/tmp_PSI/projet-info/processeur/processeur.srcs/sources_1/new/code_bench.vhd" into library xil_defaultlib
INFO: [VRFC 10-307] analyzing entity code_bench
INFO: [VRFC 10-163] Analyzing VHDL file "/home/g_robert/tmp_PSI/projet-info/processeur/processeur.srcs/sources_1/new/sync.vhd" into library xil_defaultlib
INFO: [VRFC 10-307] analyzing entity sync
INFO: [VRFC 10-163] Analyzing VHDL file "/home/g_robert/tmp_PSI/projet-info/processeur/processeur.srcs/sources_1/new/CPU.vhd" into library xil_defaultlib
INFO: [VRFC 10-307] analyzing entity CPU
INFO: [VRFC 10-163] Analyzing VHDL file "/home/g_robert/tmp_PSI/projet-info/processeur/processeur.srcs/sources_1/new/compteur_8bits.vhd" into library xil_defaultlib
INFO: [VRFC 10-307] analyzing entity compteur_8bits
INFO: [VRFC 10-163] Analyzing VHDL file "/home/g_robert/tmp_PSI/projet-info/processeur/processeur.srcs/sources_1/new/LC.vhd" into library xil_defaultlib
INFO: [VRFC 10-307] analyzing entity LC
INFO: [VRFC 10-163] Analyzing VHDL file "/home/g_robert/tmp_PSI/projet-info/processeur/processeur.srcs/sources_1/new/MUX_DI.vhd" into library xil_defaultlib
INFO: [VRFC 10-307] analyzing entity MUX_DI
INFO: [VRFC 10-163] Analyzing VHDL file "/home/g_robert/tmp_PSI/projet-info/processeur/processeur.srcs/sources_1/new/LC_ALU.vhd" into library xil_defaultlib
INFO: [VRFC 10-307] analyzing entity LC_ALU
INFO: [VRFC 10-163] Analyzing VHDL file "/home/g_robert/tmp_PSI/projet-info/processeur/processeur.srcs/sources_1/new/MUX_EX.vhd" into library xil_defaultlib
INFO: [VRFC 10-307] analyzing entity MUX_EX
INFO: [VRFC 10-163] Analyzing VHDL file "/home/g_robert/tmp_PSI/projet-info/processeur/processeur.srcs/sim_1/new/ALU_Test.vhd" into library xil_defaultlib
INFO: [VRFC 10-307] analyzing entity ALU_Test
INFO: [VRFC 10-163] Analyzing VHDL file "/home/g_robert/tmp_PSI/projet-info/processeur/processeur.srcs/sim_1/new/regs_Test.vhd" into library xil_defaultlib
INFO: [VRFC 10-307] analyzing entity regs_Test
INFO: [VRFC 10-163] Analyzing VHDL file "/home/g_robert/tmp_PSI/projet-info/processeur/processeur.srcs/sim_1/new/CPU_sim.vhd" into library xil_defaultlib
INFO: [VRFC 10-307] analyzing entity CPU_sim
INFO: [VRFC 10-163] Analyzing VHDL file "/home/g_robert/tmp_PSI/projet-info/processeur/processeur.srcs/sources_1/new/code_bench.vhd" into library xil_defaultlib
INFO: [VRFC 10-307] analyzing entity code_bench
INFO: [VRFC 10-163] Analyzing VHDL file "/home/g_robert/tmp_PSI/projet-info/processeur/processeur.srcs/sources_1/new/CPU.vhd" into library xil_defaultlib
INFO: [VRFC 10-307] analyzing entity CPU
INFO: [VRFC 10-163] Analyzing VHDL file "/home/g_robert/tmp_PSI/projet-info/processeur/processeur.srcs/sources_1/new/code_bench.vhd" into library xil_defaultlib
INFO: [VRFC 10-307] analyzing entity code_bench
INFO: [VRFC 10-163] Analyzing VHDL file "/home/g_robert/tmp_PSI/projet-info/processeur/processeur.srcs/sources_1/new/code_bench.vhd" into library xil_defaultlib
INFO: [VRFC 10-307] analyzing entity code_bench
INFO: [VRFC 10-163] Analyzing VHDL file "/home/g_robert/tmp_PSI/projet-info/processeur/processeur.srcs/sources_1/new/CPU.vhd" into library xil_defaultlib
INFO: [VRFC 10-307] analyzing entity CPU
INFO: [VRFC 10-163] Analyzing VHDL file "/home/g_robert/tmp_PSI/projet-info/processeur/processeur.srcs/sources_1/new/MUX_DI.vhd" into library xil_defaultlib
INFO: [VRFC 10-307] analyzing entity MUX_DI
INFO: [VRFC 10-163] Analyzing VHDL file "/home/g_robert/tmp_PSI/projet-info/processeur/processeur.srcs/sources_1/new/code_bench.vhd" into library xil_defaultlib
INFO: [VRFC 10-307] analyzing entity code_bench
INFO: [VRFC 10-163] Analyzing VHDL file "/home/g_robert/tmp_PSI/projet-info/processeur/processeur.srcs/sources_1/new/code_bench.vhd" into library xil_defaultlib
INFO: [VRFC 10-307] analyzing entity code_bench
INFO: [VRFC 10-163] Analyzing VHDL file "/home/g_robert/tmp_PSI/projet-info/processeur/processeur.srcs/sources_1/new/LC.vhd" into library xil_defaultlib
INFO: [VRFC 10-307] analyzing entity LC
INFO: [VRFC 10-163] Analyzing VHDL file "/home/g_robert/tmp_PSI/projet-info/processeur/processeur.srcs/sources_1/new/code_bench.vhd" into library xil_defaultlib
INFO: [VRFC 10-307] analyzing entity code_bench
INFO: [VRFC 10-163] Analyzing VHDL file "/home/g_robert/tmp_PSI/projet-info/processeur/processeur.srcs/sources_1/new/LC.vhd" into library xil_defaultlib
INFO: [VRFC 10-307] analyzing entity LC
INFO: [VRFC 10-163] Analyzing VHDL file "/home/g_robert/tmp_PSI/projet-info/processeur/processeur.srcs/sources_1/new/MUX_DI.vhd" into library xil_defaultlib
INFO: [VRFC 10-307] analyzing entity MUX_DI
INFO: [VRFC 10-163] Analyzing VHDL file "/home/g_robert/tmp_PSI/projet-info/processeur/processeur.srcs/sources_1/new/code_bench.vhd" into library xil_defaultlib
INFO: [VRFC 10-307] analyzing entity code_bench
INFO: [VRFC 10-163] Analyzing VHDL file "/home/g_robert/tmp_PSI/projet-info/processeur/processeur.srcs/sources_1/new/CPU.vhd" into library xil_defaultlib
INFO: [VRFC 10-307] analyzing entity CPU
INFO: [VRFC 10-163] Analyzing VHDL file "/home/g_robert/tmp_PSI/projet-info/processeur/processeur.srcs/sources_1/new/LC_Mem.vhd" into library xil_defaultlib
INFO: [VRFC 10-307] analyzing entity LC_Mem
INFO: [VRFC 10-163] Analyzing VHDL file "/home/g_robert/tmp_PSI/projet-info/processeur/processeur.srcs/sources_1/new/MUX_MEM.vhd" into library xil_defaultlib
INFO: [VRFC 10-307] analyzing entity MUX_MEM
INFO: [VRFC 10-163] Analyzing VHDL file "/home/g_robert/tmp_PSI/projet-info/processeur/processeur.srcs/sources_1/new/MUX_RE.vhd" into library xil_defaultlib
INFO: [VRFC 10-307] analyzing entity MUX_RE
INFO: [VRFC 10-163] Analyzing VHDL file "/home/g_robert/tmp_PSI/projet-info/processeur/processeur.srcs/sources_1/new/code_bench.vhd" into library xil_defaultlib
INFO: [VRFC 10-307] analyzing entity code_bench
INFO: [VRFC 10-163] Analyzing VHDL file "/home/g_robert/tmp_PSI/projet-info/processeur/processeur.srcs/sources_1/new/LC.vhd" into library xil_defaultlib
INFO: [VRFC 10-307] analyzing entity LC
INFO: [VRFC 10-163] Analyzing VHDL file "/home/g_robert/tmp_PSI/projet-info/processeur/processeur.srcs/sources_1/new/LC_Mem.vhd" into library xil_defaultlib
INFO: [VRFC 10-307] analyzing entity LC_Mem
INFO: [VRFC 10-163] Analyzing VHDL file "/home/g_robert/tmp_PSI/projet-info/processeur/processeur.srcs/sources_1/new/MUX_DI.vhd" into library xil_defaultlib
INFO: [VRFC 10-307] analyzing entity MUX_DI
INFO: [VRFC 10-163] Analyzing VHDL file "/home/g_robert/tmp_PSI/projet-info/processeur/processeur.srcs/sources_1/new/MUX_DI.vhd" into library xil_defaultlib
INFO: [VRFC 10-307] analyzing entity MUX_DI
INFO: [VRFC 10-163] Analyzing VHDL file "/home/g_robert/tmp_PSI/projet-info/processeur/processeur.srcs/sources_1/new/code_bench.vhd" into library xil_defaultlib
INFO: [VRFC 10-307] analyzing entity code_bench
INFO: [VRFC 10-163] Analyzing VHDL file "/home/g_robert/tmp_PSI/projet-info/processeur/processeur.srcs/sources_1/new/code_bench.vhd" into library xil_defaultlib
INFO: [VRFC 10-307] analyzing entity code_bench
INFO: [VRFC 10-163] Analyzing VHDL file "/home/g_robert/tmp_PSI/projet-info/processeur/processeur.srcs/sources_1/new/MUX_RE.vhd" into library xil_defaultlib
INFO: [VRFC 10-307] analyzing entity MUX_RE
INFO: [VRFC 10-163] Analyzing VHDL file "/home/g_robert/tmp_PSI/projet-info/processeur/processeur.srcs/sources_1/new/code_bench.vhd" into library xil_defaultlib
INFO: [VRFC 10-307] analyzing entity code_bench
INFO: [VRFC 10-163] Analyzing VHDL file "/home/g_robert/tmp_PSI/projet-info/processeur/processeur.srcs/sources_1/new/MUX_RE.vhd" into library xil_defaultlib
INFO: [VRFC 10-307] analyzing entity MUX_RE
INFO: [VRFC 10-163] Analyzing VHDL file "/home/g_robert/tmp_PSI/projet-info/processeur/processeur.srcs/sources_1/new/MUX_RE.vhd" into library xil_defaultlib
INFO: [VRFC 10-307] analyzing entity MUX_RE
INFO: [VRFC 10-163] Analyzing VHDL file "/home/g_robert/tmp_PSI/projet-info/processeur/processeur.srcs/sources_1/new/data_bench.vhd" into library xil_defaultlib
INFO: [VRFC 10-307] analyzing entity data_bench
INFO: [VRFC 10-163] Analyzing VHDL file "/home/g_robert/tmp_PSI/projet-info/processeur/processeur.srcs/sources_1/new/CPU.vhd" into library xil_defaultlib
INFO: [VRFC 10-307] analyzing entity CPU
INFO: [VRFC 10-163] Analyzing VHDL file "/home/g_robert/tmp_PSI/projet-info/processeur/processeur.srcs/sources_1/new/CPU.vhd" into library xil_defaultlib
INFO: [VRFC 10-307] analyzing entity CPU
INFO: [VRFC 10-163] Analyzing VHDL file "/home/g_robert/tmp_PSI/projet-info/processeur/processeur.srcs/sources_1/new/code_bench.vhd" into library xil_defaultlib
INFO: [VRFC 10-307] analyzing entity code_bench
INFO: [VRFC 10-163] Analyzing VHDL file "/home/g_robert/tmp_PSI/projet-info/processeur/processeur.srcs/sources_1/new/sync.vhd" into library xil_defaultlib
INFO: [VRFC 10-307] analyzing entity sync
INFO: [VRFC 10-163] Analyzing VHDL file "/home/g_robert/tmp_PSI/projet-info/processeur/processeur.srcs/sources_1/new/CPU.vhd" into library xil_defaultlib
INFO: [VRFC 10-307] analyzing entity CPU
INFO: [VRFC 10-163] Analyzing VHDL file "/home/g_robert/tmp_PSI/projet-info/processeur/processeur.srcs/sources_1/new/PRE_PROCESS.vhd" into library xil_defaultlib
INFO: [VRFC 10-307] analyzing entity PRE_PROCESS
INFO: [VRFC 10-163] Analyzing VHDL file "/home/g_robert/tmp_PSI/projet-info/processeur/processeur.srcs/sources_1/new/CPU.vhd" into library xil_defaultlib
INFO: [VRFC 10-307] analyzing entity CPU
INFO: [VRFC 10-163] Analyzing VHDL file "/home/g_robert/tmp_PSI/projet-info/processeur/processeur.srcs/sources_1/new/PRE_PROCESS.vhd" into library xil_defaultlib
INFO: [VRFC 10-307] analyzing entity PRE_PROCESS
INFO: [VRFC 10-163] Analyzing VHDL file "/home/g_robert/tmp_PSI/projet-info/processeur/processeur.srcs/sources_1/new/PRE_PROCESS.vhd" into library xil_defaultlib
INFO: [VRFC 10-307] analyzing entity PRE_PROCESS
ERROR: [VRFC 10-1466] type std_logic does not match with the integer literal [/home/g_robert/tmp_PSI/projet-info/processeur/processeur.srcs/sources_1/new/PRE_PROCESS.vhd:38]
ERROR: [VRFC 10-1412] syntax error near ) [/home/g_robert/tmp_PSI/projet-info/processeur/processeur.srcs/sources_1/new/PRE_PROCESS.vhd:39]
INFO: [VRFC 10-240] VHDL file /home/g_robert/tmp_PSI/projet-info/processeur/processeur.srcs/sources_1/new/PRE_PROCESS.vhd ignored due to errors
INFO: [VRFC 10-163] Analyzing VHDL file "/home/g_robert/tmp_PSI/projet-info/processeur/processeur.srcs/sources_1/new/PRE_PROCESS.vhd" into library xil_defaultlib
INFO: [VRFC 10-307] analyzing entity PRE_PROCESS
INFO: [VRFC 10-163] Analyzing VHDL file "/home/g_robert/tmp_PSI/projet-info/processeur/processeur.srcs/sources_1/new/sync.vhd" into library xil_defaultlib
INFO: [VRFC 10-307] analyzing entity sync
INFO: [VRFC 10-163] Analyzing VHDL file "/home/g_robert/tmp_PSI/projet-info/processeur/processeur.srcs/sources_1/new/CPU.vhd" into library xil_defaultlib
INFO: [VRFC 10-307] analyzing entity CPU
INFO: [VRFC 10-163] Analyzing VHDL file "/home/g_robert/tmp_PSI/projet-info/processeur/processeur.srcs/sources_1/new/CPU.vhd" into library xil_defaultlib
INFO: [VRFC 10-307] analyzing entity CPU
INFO: [VRFC 10-163] Analyzing VHDL file "/home/g_robert/tmp_PSI/projet-info/processeur/processeur.srcs/sources_1/new/code_bench.vhd" into library xil_defaultlib
INFO: [VRFC 10-307] analyzing entity code_bench
INFO: [VRFC 10-163] Analyzing VHDL file "/home/g_robert/tmp_PSI/projet-info/processeur/processeur.srcs/sources_1/new/PRE_PROCESS.vhd" into library xil_defaultlib
INFO: [VRFC 10-307] analyzing entity PRE_PROCESS
INFO: [VRFC 10-163] Analyzing VHDL file "/home/g_robert/tmp_PSI/projet-info/processeur/processeur.srcs/sources_1/new/code_bench.vhd" into library xil_defaultlib
INFO: [VRFC 10-307] analyzing entity code_bench
INFO: [VRFC 10-163] Analyzing VHDL file "/home/g_robert/tmp_PSI/projet-info/processeur/processeur.srcs/sources_1/new/code_bench.vhd" into library xil_defaultlib
INFO: [VRFC 10-307] analyzing entity code_bench
INFO: [VRFC 10-163] Analyzing VHDL file "/home/g_robert/tmp_PSI/projet-info/processeur/processeur.srcs/sources_1/new/code_bench.vhd" into library xil_defaultlib
INFO: [VRFC 10-307] analyzing entity code_bench
INFO: [VRFC 10-163] Analyzing VHDL file "/home/g_robert/tmp_PSI/projet-info/processeur/processeur.srcs/sources_1/new/code_bench.vhd" into library xil_defaultlib
INFO: [VRFC 10-307] analyzing entity code_bench
INFO: [VRFC 10-163] Analyzing VHDL file "/home/g_robert/tmp_PSI/projet-info/processeur/processeur.srcs/sources_1/new/CPU.vhd" into library xil_defaultlib
INFO: [VRFC 10-307] analyzing entity CPU
INFO: [VRFC 10-163] Analyzing VHDL file "/home/g_robert/tmp_PSI/projet-info/processeur/processeur.srcs/sources_1/new/ALU.vhd" into library xil_defaultlib
INFO: [VRFC 10-307] analyzing entity ALU
INFO: [VRFC 10-163] Analyzing VHDL file "/home/g_robert/tmp_PSI/projet-info/processeur/processeur.srcs/sources_1/new/code_bench.vhd" into library xil_defaultlib
INFO: [VRFC 10-307] analyzing entity code_bench
INFO: [VRFC 10-163] Analyzing VHDL file "/home/g_robert/tmp_PSI/projet-info/processeur/processeur.srcs/sources_1/new/CPU.vhd" into library xil_defaultlib
INFO: [VRFC 10-307] analyzing entity CPU
INFO: [VRFC 10-163] Analyzing VHDL file "/home/g_robert/tmp_PSI/projet-info/processeur/processeur.srcs/sources_1/new/LC_ALU.vhd" into library xil_defaultlib
INFO: [VRFC 10-307] analyzing entity LC_ALU
INFO: [VRFC 10-163] Analyzing VHDL file "/home/g_robert/tmp_PSI/projet-info/processeur/processeur.srcs/sources_1/new/LC.vhd" into library xil_defaultlib
INFO: [VRFC 10-307] analyzing entity LC
INFO: [VRFC 10-163] Analyzing VHDL file "/home/g_robert/tmp_PSI/projet-info/processeur/processeur.srcs/sources_1/new/code_bench.vhd" into library xil_defaultlib
INFO: [VRFC 10-307] analyzing entity code_bench
INFO: [VRFC 10-163] Analyzing VHDL file "/home/g_robert/tmp_PSI/projet-info/processeur/processeur.srcs/sources_1/new/code_bench.vhd" into library xil_defaultlib
INFO: [VRFC 10-307] analyzing entity code_bench
INFO: [VRFC 10-163] Analyzing VHDL file "/home/g_robert/tmp_PSI/projet-info/processeur/processeur.srcs/sources_1/new/MUX_DI.vhd" into library xil_defaultlib
INFO: [VRFC 10-307] analyzing entity MUX_DI
INFO: [VRFC 10-163] Analyzing VHDL file "/home/g_robert/tmp_PSI/projet-info/processeur/processeur.srcs/sources_1/new/MUX_EX.vhd" into library xil_defaultlib
INFO: [VRFC 10-307] analyzing entity MUX_EX
INFO: [VRFC 10-163] Analyzing VHDL file "/home/g_robert/tmp_PSI/projet-info/processeur/processeur.srcs/sources_1/new/CPU.vhd" into library xil_defaultlib
INFO: [VRFC 10-307] analyzing entity CPU
INFO: [VRFC 10-163] Analyzing VHDL file "/home/g_robert/tmp_PSI/projet-info/processeur/processeur.srcs/sources_1/new/MUX_DI.vhd" into library xil_defaultlib
INFO: [VRFC 10-307] analyzing entity MUX_DI
INFO: [VRFC 10-163] Analyzing VHDL file "/home/g_robert/tmp_PSI/projet-info/processeur/processeur.srcs/sources_1/new/code_bench.vhd" into library xil_defaultlib
INFO: [VRFC 10-307] analyzing entity code_bench
INFO: [VRFC 10-163] Analyzing VHDL file "/home/g_robert/tmp_PSI/projet-info/processeur/processeur.srcs/sources_1/new/code_bench.vhd" into library xil_defaultlib
INFO: [VRFC 10-307] analyzing entity code_bench
INFO: [VRFC 10-163] Analyzing VHDL file "/home/g_robert/tmp_PSI/projet-info/processeur/processeur.srcs/sources_1/new/LC.vhd" into library xil_defaultlib
INFO: [VRFC 10-307] analyzing entity LC
INFO: [VRFC 10-163] Analyzing VHDL file "/home/g_robert/tmp_PSI/projet-info/processeur/processeur.srcs/sources_1/new/MUX_DI.vhd" into library xil_defaultlib
INFO: [VRFC 10-307] analyzing entity MUX_DI
INFO: [VRFC 10-163] Analyzing VHDL file "/home/g_robert/tmp_PSI/projet-info/processeur/processeur.srcs/sources_1/new/LC_ALU.vhd" into library xil_defaultlib
INFO: [VRFC 10-307] analyzing entity LC_ALU
INFO: [VRFC 10-163] Analyzing VHDL file "/home/g_robert/tmp_PSI/projet-info/processeur/processeur.srcs/sources_1/new/MUX_EX.vhd" into library xil_defaultlib
INFO: [VRFC 10-307] analyzing entity MUX_EX
INFO: [VRFC 10-163] Analyzing VHDL file "/home/g_robert/tmp_PSI/projet-info/processeur/processeur.srcs/sources_1/new/registers.vhd" into library xil_defaultlib
INFO: [VRFC 10-307] analyzing entity registers
INFO: [VRFC 10-163] Analyzing VHDL file "/home/g_robert/tmp_PSI/projet-info/processeur/processeur.srcs/sources_1/new/CPU.vhd" into library xil_defaultlib
INFO: [VRFC 10-307] analyzing entity CPU
INFO: [VRFC 10-163] Analyzing VHDL file "/home/g_robert/tmp_PSI/projet-info/processeur/processeur.srcs/sources_1/new/PRE_PROCESS.vhd" into library xil_defaultlib
INFO: [VRFC 10-307] analyzing entity PRE_PROCESS
INFO: [VRFC 10-163] Analyzing VHDL file "/home/g_robert/tmp_PSI/projet-info/processeur/processeur.srcs/sources_1/new/REGS_BLOCKER.vhd" into library xil_defaultlib
INFO: [VRFC 10-307] analyzing entity REGS_BLOCKER
INFO: [VRFC 10-163] Analyzing VHDL file "/home/g_robert/tmp_PSI/projet-info/processeur/processeur.srcs/sources_1/new/CPU.vhd" into library xil_defaultlib
INFO: [VRFC 10-307] analyzing entity CPU
INFO: [VRFC 10-163] Analyzing VHDL file "/home/g_robert/tmp_PSI/projet-info/processeur/processeur.srcs/sources_1/new/CPU.vhd" into library xil_defaultlib
INFO: [VRFC 10-307] analyzing entity CPU
INFO: [VRFC 10-163] Analyzing VHDL file "/home/g_robert/tmp_PSI/projet-info/processeur/processeur.srcs/sources_1/new/REGS_BLOCKER.vhd" into library xil_defaultlib
INFO: [VRFC 10-307] analyzing entity REGS_BLOCKER
INFO: [VRFC 10-163] Analyzing VHDL file "/home/g_robert/tmp_PSI/projet-info/processeur/processeur.srcs/sources_1/new/REGS_BLOCKER.vhd" into library xil_defaultlib
INFO: [VRFC 10-307] analyzing entity REGS_BLOCKER
INFO: [VRFC 10-163] Analyzing VHDL file "/home/g_robert/tmp_PSI/projet-info/processeur/processeur.srcs/sources_1/new/CPU.vhd" into library xil_defaultlib
INFO: [VRFC 10-307] analyzing entity CPU
INFO: [VRFC 10-163] Analyzing VHDL file "/home/g_robert/tmp_PSI/projet-info/processeur/processeur.srcs/sources_1/new/REGS_BLOCKER.vhd" into library xil_defaultlib
INFO: [VRFC 10-307] analyzing entity REGS_BLOCKER
INFO: [VRFC 10-163] Analyzing VHDL file "/home/g_robert/tmp_PSI/projet-info/processeur/processeur.srcs/sources_1/new/CPU.vhd" into library xil_defaultlib
INFO: [VRFC 10-307] analyzing entity CPU
INFO: [VRFC 10-163] Analyzing VHDL file "/home/g_robert/tmp_PSI/projet-info/processeur/processeur.srcs/sources_1/new/REGS_BLOCKER.vhd" into library xil_defaultlib
INFO: [VRFC 10-307] analyzing entity REGS_BLOCKER
INFO: [VRFC 10-163] Analyzing VHDL file "/home/g_robert/tmp_PSI/projet-info/processeur/processeur.srcs/sources_1/new/REGS_BLOCKER.vhd" into library xil_defaultlib
INFO: [VRFC 10-307] analyzing entity REGS_BLOCKER
INFO: [VRFC 10-163] Analyzing VHDL file "/home/g_robert/tmp_PSI/projet-info/processeur/processeur.srcs/sources_1/new/REGS_BLOCKER.vhd" into library xil_defaultlib
INFO: [VRFC 10-307] analyzing entity REGS_BLOCKER
INFO: [VRFC 10-163] Analyzing VHDL file "/home/g_robert/tmp_PSI/projet-info/processeur/processeur.srcs/sources_1/new/CPU.vhd" into library xil_defaultlib
INFO: [VRFC 10-307] analyzing entity CPU
INFO: [VRFC 10-163] Analyzing VHDL file "/home/g_robert/tmp_PSI/projet-info/processeur/processeur.srcs/sources_1/new/REGS_BLOCKER.vhd" into library xil_defaultlib
INFO: [VRFC 10-307] analyzing entity REGS_BLOCKER
INFO: [VRFC 10-163] Analyzing VHDL file "/home/g_robert/tmp_PSI/projet-info/processeur/processeur.srcs/sources_1/new/REGS_BLOCKER.vhd" into library xil_defaultlib
INFO: [VRFC 10-307] analyzing entity REGS_BLOCKER
INFO: [VRFC 10-163] Analyzing VHDL file "/home/g_robert/tmp_PSI/projet-info/processeur/processeur.srcs/sources_1/new/REGS_BLOCKER.vhd" into library xil_defaultlib
INFO: [VRFC 10-307] analyzing entity REGS_BLOCKER
INFO: [VRFC 10-163] Analyzing VHDL file "/home/g_robert/tmp_PSI/projet-info/processeur/processeur.srcs/sources_1/new/REGS_BLOCKER.vhd" into library xil_defaultlib
INFO: [VRFC 10-307] analyzing entity REGS_BLOCKER
ERROR: [VRFC 10-1471] type error near a_out ; current type std_logic_vector; expected type natural [/home/g_robert/tmp_PSI/projet-info/processeur/processeur.srcs/sources_1/new/REGS_BLOCKER.vhd:48]
ERROR: [VRFC 10-1504] unit behavioral ignored due to previous errors [/home/g_robert/tmp_PSI/projet-info/processeur/processeur.srcs/sources_1/new/REGS_BLOCKER.vhd:44]
INFO: [VRFC 10-240] VHDL file /home/g_robert/tmp_PSI/projet-info/processeur/processeur.srcs/sources_1/new/REGS_BLOCKER.vhd ignored due to errors
INFO: [VRFC 10-163] Analyzing VHDL file "/home/g_robert/tmp_PSI/projet-info/processeur/processeur.srcs/sources_1/new/REGS_BLOCKER.vhd" into library xil_defaultlib
INFO: [VRFC 10-307] analyzing entity REGS_BLOCKER
INFO: [VRFC 10-163] Analyzing VHDL file "/home/g_robert/tmp_PSI/projet-info/processeur/processeur.srcs/sources_1/new/REGS_BLOCKER.vhd" into library xil_defaultlib
INFO: [VRFC 10-307] analyzing entity REGS_BLOCKER
INFO: [VRFC 10-163] Analyzing VHDL file "/home/g_robert/tmp_PSI/projet-info/processeur/processeur.srcs/sources_1/new/REGS_BLOCKER.vhd" into library xil_defaultlib
INFO: [VRFC 10-307] analyzing entity REGS_BLOCKER
INFO: [VRFC 10-163] Analyzing VHDL file "/home/g_robert/tmp_PSI/projet-info/processeur/processeur.srcs/sources_1/new/REGS_BLOCKER.vhd" into library xil_defaultlib
INFO: [VRFC 10-307] analyzing entity REGS_BLOCKER
INFO: [VRFC 10-163] Analyzing VHDL file "/home/g_robert/tmp_PSI/projet-info/processeur/processeur.srcs/sources_1/new/REGS_BLOCKER.vhd" into library xil_defaultlib
INFO: [VRFC 10-307] analyzing entity REGS_BLOCKER
INFO: [VRFC 10-163] Analyzing VHDL file "/home/g_robert/tmp_PSI/projet-info/processeur/processeur.srcs/sources_1/new/REGS_BLOCKER.vhd" into library xil_defaultlib
INFO: [VRFC 10-307] analyzing entity REGS_BLOCKER
INFO: [VRFC 10-163] Analyzing VHDL file "/home/g_robert/tmp_PSI/projet-info/processeur/processeur.srcs/sources_1/new/REGS_BLOCKER.vhd" into library xil_defaultlib
INFO: [VRFC 10-307] analyzing entity REGS_BLOCKER
INFO: [VRFC 10-163] Analyzing VHDL file "/home/g_robert/tmp_PSI/projet-info/processeur/processeur.srcs/sources_1/new/CPU.vhd" into library xil_defaultlib
INFO: [VRFC 10-307] analyzing entity CPU
INFO: [VRFC 10-163] Analyzing VHDL file "/home/g_robert/tmp_PSI/projet-info/processeur/processeur.srcs/sources_1/new/REGS_BLOCKER.vhd" into library xil_defaultlib
INFO: [VRFC 10-307] analyzing entity REGS_BLOCKER
INFO: [VRFC 10-163] Analyzing VHDL file "/home/g_robert/tmp_PSI/projet-info/processeur/processeur.srcs/sources_1/new/REGS_BLOCKER.vhd" into library xil_defaultlib
INFO: [VRFC 10-307] analyzing entity REGS_BLOCKER
INFO: [VRFC 10-163] Analyzing VHDL file "/home/g_robert/tmp_PSI/projet-info/processeur/processeur.srcs/sources_1/new/REGS_BLOCKER.vhd" into library xil_defaultlib
INFO: [VRFC 10-307] analyzing entity REGS_BLOCKER
INFO: [VRFC 10-163] Analyzing VHDL file "/home/g_robert/tmp_PSI/projet-info/processeur/processeur.srcs/sources_1/new/REGS_BLOCKER.vhd" into library xil_defaultlib
INFO: [VRFC 10-307] analyzing entity REGS_BLOCKER
INFO: [VRFC 10-163] Analyzing VHDL file "/home/g_robert/tmp_PSI/projet-info/processeur/processeur.srcs/sources_1/new/REGS_BLOCKER.vhd" into library xil_defaultlib
INFO: [VRFC 10-307] analyzing entity REGS_BLOCKER
INFO: [VRFC 10-163] Analyzing VHDL file "/home/g_robert/tmp_PSI/projet-info/processeur/processeur.srcs/sources_1/new/REGS_BLOCKER.vhd" into library xil_defaultlib
INFO: [VRFC 10-307] analyzing entity REGS_BLOCKER
INFO: [VRFC 10-163] Analyzing VHDL file "/home/g_robert/tmp_PSI/projet-info/processeur/processeur.srcs/sources_1/new/REGS_BLOCKER.vhd" into library xil_defaultlib
INFO: [VRFC 10-307] analyzing entity REGS_BLOCKER
INFO: [VRFC 10-163] Analyzing VHDL file "/home/g_robert/tmp_PSI/projet-info/processeur/processeur.srcs/sources_1/new/CPU.vhd" into library xil_defaultlib
INFO: [VRFC 10-307] analyzing entity CPU
INFO: [VRFC 10-163] Analyzing VHDL file "/home/g_robert/tmp_PSI/projet-info/processeur/processeur.srcs/sources_1/new/REGS_BLOCKER.vhd" into library xil_defaultlib
INFO: [VRFC 10-307] analyzing entity REGS_BLOCKER
INFO: [VRFC 10-163] Analyzing VHDL file "/home/g_robert/tmp_PSI/projet-info/processeur/processeur.srcs/sources_1/new/REGS_BLOCKER.vhd" into library xil_defaultlib
INFO: [VRFC 10-307] analyzing entity REGS_BLOCKER
INFO: [VRFC 10-163] Analyzing VHDL file "/home/g_robert/tmp_PSI/projet-info/processeur/processeur.srcs/sources_1/new/REGS_BLOCKER.vhd" into library xil_defaultlib
INFO: [VRFC 10-307] analyzing entity REGS_BLOCKER
INFO: [VRFC 10-163] Analyzing VHDL file "/home/g_robert/tmp_PSI/projet-info/processeur/processeur.srcs/sources_1/new/REGS_BLOCKER.vhd" into library xil_defaultlib
INFO: [VRFC 10-307] analyzing entity REGS_BLOCKER
INFO: [VRFC 10-163] Analyzing VHDL file "/home/g_robert/tmp_PSI/projet-info/processeur/processeur.srcs/sources_1/new/REGS_BLOCKER.vhd" into library xil_defaultlib
INFO: [VRFC 10-307] analyzing entity REGS_BLOCKER
INFO: [VRFC 10-163] Analyzing VHDL file "/home/g_robert/tmp_PSI/projet-info/processeur/processeur.srcs/sources_1/new/REGS_BLOCKER.vhd" into library xil_defaultlib
INFO: [VRFC 10-307] analyzing entity REGS_BLOCKER
INFO: [VRFC 10-163] Analyzing VHDL file "/home/g_robert/tmp_PSI/projet-info/processeur/processeur.srcs/sources_1/new/code_bench.vhd" into library xil_defaultlib
INFO: [VRFC 10-307] analyzing entity code_bench
INFO: [VRFC 10-163] Analyzing VHDL file "/home/g_robert/tmp_PSI/projet-info/processeur/processeur.srcs/sources_1/new/CPU.vhd" into library xil_defaultlib
INFO: [VRFC 10-307] analyzing entity CPU
INFO: [VRFC 10-163] Analyzing VHDL file "/home/g_robert/tmp_PSI/projet-info/processeur/processeur.srcs/sources_1/new/CPU.vhd" into library xil_defaultlib
INFO: [VRFC 10-307] analyzing entity CPU
INFO: [VRFC 10-163] Analyzing VHDL file "/home/g_robert/tmp_PSI/projet-info/processeur/processeur.srcs/sources_1/new/CPU.vhd" into library xil_defaultlib
INFO: [VRFC 10-307] analyzing entity CPU
INFO: [VRFC 10-163] Analyzing VHDL file "/home/g_robert/tmp_PSI/projet-info/processeur/processeur.srcs/sources_1/new/CPU.vhd" into library xil_defaultlib
INFO: [VRFC 10-307] analyzing entity CPU
INFO: [VRFC 10-163] Analyzing VHDL file "/home/g_robert/tmp_PSI/projet-info/processeur/processeur.srcs/sources_1/new/CPU.vhd" into library xil_defaultlib
INFO: [VRFC 10-307] analyzing entity CPU
INFO: [VRFC 10-163] Analyzing VHDL file "/home/g_robert/tmp_PSI/projet-info/processeur/processeur.srcs/sources_1/new/MUX_DI.vhd" into library xil_defaultlib
INFO: [VRFC 10-307] analyzing entity MUX_DI
INFO: [VRFC 10-163] Analyzing VHDL file "/home/g_robert/tmp_PSI/projet-info/processeur/processeur.srcs/sources_1/new/CPU.vhd" into library xil_defaultlib
INFO: [VRFC 10-307] analyzing entity CPU
INFO: [VRFC 10-163] Analyzing VHDL file "/home/g_robert/tmp_PSI/projet-info/processeur/processeur.srcs/sources_1/new/REGS_BLOCKER.vhd" into library xil_defaultlib
INFO: [VRFC 10-307] analyzing entity REGS_BLOCKER
INFO: [VRFC 10-163] Analyzing VHDL file "/home/g_robert/tmp_PSI/projet-info/processeur/processeur.srcs/sources_1/new/CPU.vhd" into library xil_defaultlib
INFO: [VRFC 10-307] analyzing entity CPU
INFO: [VRFC 10-163] Analyzing VHDL file "/home/g_robert/tmp_PSI/projet-info/processeur/processeur.srcs/sources_1/new/CPU.vhd" into library xil_defaultlib
INFO: [VRFC 10-307] analyzing entity CPU
INFO: [VRFC 10-163] Analyzing VHDL file "/home/g_robert/tmp_PSI/projet-info/processeur/processeur.srcs/sources_1/new/CPU.vhd" into library xil_defaultlib
INFO: [VRFC 10-307] analyzing entity CPU
INFO: [VRFC 10-163] Analyzing VHDL file "/home/g_robert/tmp_PSI/projet-info/processeur/processeur.srcs/sources_1/new/CPU.vhd" into library xil_defaultlib
INFO: [VRFC 10-307] analyzing entity CPU
INFO: [VRFC 10-163] Analyzing VHDL file "/home/g_robert/tmp_PSI/projet-info/processeur/processeur.srcs/sources_1/new/BLOCKER.vhd" into library xil_defaultlib
INFO: [VRFC 10-307] analyzing entity BLOCKER
INFO: [VRFC 10-163] Analyzing VHDL file "/home/g_robert/tmp_PSI/projet-info/processeur/processeur.srcs/sources_1/new/BLOCKER.vhd" into library xil_defaultlib
INFO: [VRFC 10-307] analyzing entity BLOCKER
INFO: [VRFC 10-163] Analyzing VHDL file "/home/g_robert/tmp_PSI/projet-info/processeur/processeur.srcs/sources_1/new/CPU.vhd" into library xil_defaultlib
INFO: [VRFC 10-307] analyzing entity CPU
INFO: [VRFC 10-163] Analyzing VHDL file "/home/g_robert/tmp_PSI/projet-info/processeur/processeur.srcs/sources_1/new/code_bench.vhd" into library xil_defaultlib
INFO: [VRFC 10-307] analyzing entity code_bench
INFO: [VRFC 10-163] Analyzing VHDL file "/home/g_robert/tmp_PSI/projet-info/processeur/processeur.srcs/sources_1/new/BLOCKER.vhd" into library xil_defaultlib
INFO: [VRFC 10-307] analyzing entity BLOCKER
INFO: [VRFC 10-163] Analyzing VHDL file "/home/g_robert/tmp_PSI/projet-info/processeur/processeur.srcs/sources_1/new/CPU.vhd" into library xil_defaultlib
INFO: [VRFC 10-307] analyzing entity CPU
INFO: [VRFC 10-163] Analyzing VHDL file "/home/g_robert/tmp_PSI/projet-info/processeur/processeur.srcs/sources_1/new/BLOCKER.vhd" into library xil_defaultlib
INFO: [VRFC 10-307] analyzing entity BLOCKER
INFO: [VRFC 10-163] Analyzing VHDL file "/home/g_robert/tmp_PSI/projet-info/processeur/processeur.srcs/sources_1/new/BLOCKER.vhd" into library xil_defaultlib
INFO: [VRFC 10-307] analyzing entity BLOCKER
INFO: [VRFC 10-163] Analyzing VHDL file "/home/g_robert/tmp_PSI/projet-info/processeur/processeur.srcs/sources_1/new/BLOCKER.vhd" into library xil_defaultlib
INFO: [VRFC 10-307] analyzing entity BLOCKER
INFO: [VRFC 10-163] Analyzing VHDL file "/home/g_robert/tmp_PSI/projet-info/processeur/processeur.srcs/sources_1/new/BLOCKER.vhd" into library xil_defaultlib
INFO: [VRFC 10-307] analyzing entity BLOCKER
INFO: [VRFC 10-163] Analyzing VHDL file "/home/g_robert/tmp_PSI/projet-info/processeur/processeur.srcs/sources_1/new/CPU.vhd" into library xil_defaultlib
INFO: [VRFC 10-307] analyzing entity CPU
INFO: [VRFC 10-163] Analyzing VHDL file "/home/g_robert/tmp_PSI/projet-info/processeur/processeur.srcs/sources_1/new/BLOCKER.vhd" into library xil_defaultlib
INFO: [VRFC 10-307] analyzing entity BLOCKER
INFO: [VRFC 10-163] Analyzing VHDL file "/home/g_robert/tmp_PSI/projet-info/processeur/processeur.srcs/sources_1/new/CPU.vhd" into library xil_defaultlib
INFO: [VRFC 10-307] analyzing entity CPU
INFO: [VRFC 10-163] Analyzing VHDL file "/home/g_robert/tmp_PSI/projet-info/processeur/processeur.srcs/sources_1/new/CPU.vhd" into library xil_defaultlib
INFO: [VRFC 10-307] analyzing entity CPU
INFO: [VRFC 10-163] Analyzing VHDL file "/home/g_robert/tmp_PSI/projet-info/processeur/processeur.srcs/sources_1/new/BLOCKER.vhd" into library xil_defaultlib
INFO: [VRFC 10-307] analyzing entity BLOCKER
INFO: [VRFC 10-163] Analyzing VHDL file "/home/g_robert/tmp_PSI/projet-info/processeur/processeur.srcs/sources_1/new/CPU.vhd" into library xil_defaultlib
INFO: [VRFC 10-307] analyzing entity CPU
INFO: [VRFC 10-163] Analyzing VHDL file "/home/g_robert/tmp_PSI/projet-info/processeur/processeur.srcs/sources_1/new/BLOCKER.vhd" into library xil_defaultlib
INFO: [VRFC 10-307] analyzing entity BLOCKER
INFO: [VRFC 10-163] Analyzing VHDL file "/home/g_robert/tmp_PSI/projet-info/processeur/processeur.srcs/sources_1/new/CPU.vhd" into library xil_defaultlib
INFO: [VRFC 10-307] analyzing entity CPU
INFO: [VRFC 10-163] Analyzing VHDL file "/home/g_robert/tmp_PSI/projet-info/processeur/processeur.srcs/sources_1/new/BLOCKER.vhd" into library xil_defaultlib
INFO: [VRFC 10-307] analyzing entity BLOCKER
ERROR: [VRFC 10-1449] this construct is only supported in VHDL 1076-2008 [/home/g_robert/tmp_PSI/projet-info/processeur/processeur.srcs/sources_1/new/BLOCKER.vhd:56]
ERROR: [VRFC 10-1504] unit behavioral ignored due to previous errors [/home/g_robert/tmp_PSI/projet-info/processeur/processeur.srcs/sources_1/new/BLOCKER.vhd:44]
INFO: [VRFC 10-240] VHDL file /home/g_robert/tmp_PSI/projet-info/processeur/processeur.srcs/sources_1/new/BLOCKER.vhd ignored due to errors
INFO: [VRFC 10-163] Analyzing VHDL file "/home/g_robert/tmp_PSI/projet-info/processeur/processeur.srcs/sources_1/new/CPU.vhd" into library xil_defaultlib
INFO: [VRFC 10-307] analyzing entity CPU
INFO: [VRFC 10-163] Analyzing VHDL file "/home/g_robert/tmp_PSI/projet-info/processeur/processeur.srcs/sources_1/new/BLOCKER.vhd" into library xil_defaultlib
INFO: [VRFC 10-307] analyzing entity BLOCKER
INFO: [VRFC 10-163] Analyzing VHDL file "/home/g_robert/tmp_PSI/projet-info/processeur/processeur.srcs/sources_1/new/CPU.vhd" into library xil_defaultlib
INFO: [VRFC 10-307] analyzing entity CPU
INFO: [VRFC 10-163] Analyzing VHDL file "/home/g_robert/tmp_PSI/projet-info/processeur/processeur.srcs/sources_1/new/BLOCKER.vhd" into library xil_defaultlib
INFO: [VRFC 10-307] analyzing entity BLOCKER
INFO: [VRFC 10-163] Analyzing VHDL file "/home/g_robert/tmp_PSI/projet-info/processeur/processeur.srcs/sources_1/new/BLOCKER.vhd" into library xil_defaultlib
INFO: [VRFC 10-307] analyzing entity BLOCKER
INFO: [VRFC 10-163] Analyzing VHDL file "/home/g_robert/tmp_PSI/projet-info/processeur/processeur.srcs/sources_1/new/code_bench.vhd" into library xil_defaultlib
INFO: [VRFC 10-307] analyzing entity code_bench
INFO: [VRFC 10-163] Analyzing VHDL file "/home/g_robert/tmp_PSI/projet-info/processeur/processeur.srcs/sources_1/new/code_bench.vhd" into library xil_defaultlib
INFO: [VRFC 10-307] analyzing entity code_bench
INFO: [VRFC 10-163] Analyzing VHDL file "/home/g_robert/tmp_PSI/projet-info/processeur/processeur.srcs/sources_1/new/code_bench.vhd" into library xil_defaultlib
INFO: [VRFC 10-307] analyzing entity code_bench
INFO: [VRFC 10-163] Analyzing VHDL file "/home/g_robert/tmp_PSI/projet-info/processeur/processeur.srcs/sources_1/new/PRE_PROCESS.vhd" into library xil_defaultlib
INFO: [VRFC 10-307] analyzing entity PRE_PROCESS
INFO: [VRFC 10-163] Analyzing VHDL file "/home/g_robert/tmp_PSI/projet-info/processeur/processeur.srcs/sources_1/new/code_bench.vhd" into library xil_defaultlib
INFO: [VRFC 10-307] analyzing entity code_bench
INFO: [VRFC 10-163] Analyzing VHDL file "/home/g_robert/tmp_PSI/projet-info/processeur/processeur.srcs/sources_1/new/data_bench.vhd" into library xil_defaultlib
INFO: [VRFC 10-307] analyzing entity data_bench
INFO: [VRFC 10-163] Analyzing VHDL file "/home/g_robert/tmp_PSI/projet-info/processeur/processeur.srcs/sources_1/new/registers.vhd" into library xil_defaultlib
INFO: [VRFC 10-307] analyzing entity registers
INFO: [VRFC 10-163] Analyzing VHDL file "/home/g_robert/tmp_PSI/projet-info/processeur/processeur.srcs/sources_1/new/code_bench.vhd" into library xil_defaultlib
INFO: [VRFC 10-307] analyzing entity code_bench
INFO: [VRFC 10-163] Analyzing VHDL file "/home/g_robert/tmp_PSI/projet-info/processeur/processeur.srcs/sources_1/new/CPU.vhd" into library xil_defaultlib
INFO: [VRFC 10-307] analyzing entity CPU
INFO: [VRFC 10-163] Analyzing VHDL file "/home/g_robert/tmp_PSI/projet-info/processeur/processeur.srcs/sources_1/new/code_bench.vhd" into library xil_defaultlib
INFO: [VRFC 10-307] analyzing entity code_bench
INFO: [VRFC 10-163] Analyzing VHDL file "/home/g_robert/tmp_PSI/projet-info/processeur/processeur.srcs/sources_1/new/registers.vhd" into library xil_defaultlib
INFO: [VRFC 10-307] analyzing entity registers
INFO: [VRFC 10-163] Analyzing VHDL file "/home/g_robert/tmp_PSI/projet-info/processeur/processeur.srcs/sources_1/new/CPU.vhd" into library xil_defaultlib
INFO: [VRFC 10-307] analyzing entity CPU
INFO: [VRFC 10-163] Analyzing VHDL file "/home/g_robert/tmp_PSI/projet-info/processeur/processeur.srcs/sources_1/new/BLOCKER.vhd" into library xil_defaultlib
INFO: [VRFC 10-307] analyzing entity BLOCKER
INFO: [VRFC 10-163] Analyzing VHDL file "/home/g_robert/tmp_PSI/projet-info/processeur/processeur.srcs/sources_1/new/registers.vhd" into library xil_defaultlib
INFO: [VRFC 10-307] analyzing entity registers
INFO: [VRFC 10-163] Analyzing VHDL file "/home/g_robert/tmp_PSI/projet-info/processeur/processeur.srcs/sources_1/new/CPU.vhd" into library xil_defaultlib
INFO: [VRFC 10-307] analyzing entity CPU
INFO: [VRFC 10-163] Analyzing VHDL file "/home/g_robert/tmp_PSI/projet-info/processeur/processeur.srcs/sim_1/new/CPU_sim.vhd" into library xil_defaultlib
INFO: [VRFC 10-307] analyzing entity CPU_sim
INFO: [VRFC 10-163] Analyzing VHDL file "/home/g_robert/tmp_PSI/projet-info/processeur/processeur.srcs/sources_1/new/code_bench.vhd" into library xil_defaultlib
INFO: [VRFC 10-307] analyzing entity code_bench
INFO: [VRFC 10-163] Analyzing VHDL file "/home/g_robert/tmp_PSI/projet-info/processeur/processeur.srcs/sources_1/new/CPU.vhd" into library xil_defaultlib
INFO: [VRFC 10-307] analyzing entity CPU
INFO: [VRFC 10-163] Analyzing VHDL file "/home/g_robert/tmp_PSI/projet-info/processeur/processeur.srcs/sim_1/new/CPU_sim.vhd" into library xil_defaultlib
INFO: [VRFC 10-307] analyzing entity CPU_sim
INFO: [VRFC 10-163] Analyzing VHDL file "/home/g_robert/tmp_PSI/projet-info/processeur/processeur.srcs/sources_1/new/code_bench.vhd" into library xil_defaultlib
INFO: [VRFC 10-307] analyzing entity code_bench
INFO: [VRFC 10-163] Analyzing VHDL file "/home/g_robert/tmp_PSI/projet-info/processeur/processeur.srcs/sources_1/new/BLOCKER.vhd" into library xil_defaultlib
INFO: [VRFC 10-307] analyzing entity BLOCKER
INFO: [VRFC 10-163] Analyzing VHDL file "/home/g_robert/tmp_PSI/projet-info/processeur/processeur.srcs/sources_1/new/BLOCKER.vhd" into library xil_defaultlib
INFO: [VRFC 10-307] analyzing entity BLOCKER
INFO: [VRFC 10-163] Analyzing VHDL file "/home/g_robert/tmp_PSI/projet-info/processeur/processeur.srcs/sources_1/new/BLOCKER.vhd" into library xil_defaultlib
INFO: [VRFC 10-307] analyzing entity BLOCKER
INFO: [VRFC 10-163] Analyzing VHDL file "/home/g_robert/tmp_PSI/projet-info/processeur/processeur.srcs/sources_1/new/BLOCKER.vhd" into library xil_defaultlib
INFO: [VRFC 10-307] analyzing entity BLOCKER
INFO: [VRFC 10-163] Analyzing VHDL file "/home/g_robert/tmp_PSI/projet-info/processeur/processeur.srcs/sources_1/new/BLOCKER.vhd" into library xil_defaultlib
INFO: [VRFC 10-307] analyzing entity BLOCKER
INFO: [VRFC 10-163] Analyzing VHDL file "/home/g_robert/tmp_PSI/projet-info/processeur/processeur.srcs/sources_1/new/CPU.vhd" into library xil_defaultlib
INFO: [VRFC 10-307] analyzing entity CPU
INFO: [VRFC 10-163] Analyzing VHDL file "/home/g_robert/tmp_PSI/projet-info/processeur/processeur.srcs/sources_1/new/BLOCKER.vhd" into library xil_defaultlib
INFO: [VRFC 10-307] analyzing entity BLOCKER
INFO: [VRFC 10-163] Analyzing VHDL file "/home/g_robert/tmp_PSI/projet-info/processeur/processeur.srcs/sources_1/new/BLOCKER.vhd" into library xil_defaultlib
INFO: [VRFC 10-307] analyzing entity BLOCKER
INFO: [VRFC 10-163] Analyzing VHDL file "/home/g_robert/tmp_PSI/projet-info/processeur/processeur.srcs/sources_1/new/CPU.vhd" into library xil_defaultlib
INFO: [VRFC 10-307] analyzing entity CPU
INFO: [VRFC 10-163] Analyzing VHDL file "/home/g_robert/tmp_PSI/projet-info/processeur/processeur.srcs/sources_1/new/BLOCKER.vhd" into library xil_defaultlib
INFO: [VRFC 10-307] analyzing entity BLOCKER
INFO: [VRFC 10-163] Analyzing VHDL file "/home/g_robert/tmp_PSI/projet-info/processeur/processeur.srcs/sources_1/new/BLOCKER.vhd" into library xil_defaultlib
INFO: [VRFC 10-307] analyzing entity BLOCKER
INFO: [VRFC 10-163] Analyzing VHDL file "/home/g_robert/tmp_PSI/projet-info/processeur/processeur.srcs/sources_1/new/code_bench.vhd" into library xil_defaultlib
INFO: [VRFC 10-307] analyzing entity code_bench
INFO: [VRFC 10-163] Analyzing VHDL file "/home/g_robert/tmp_PSI/projet-info/processeur/processeur.srcs/sources_1/new/CPU.vhd" into library xil_defaultlib
INFO: [VRFC 10-307] analyzing entity CPU
INFO: [VRFC 10-163] Analyzing VHDL file "/home/g_robert/tmp_PSI/projet-info/processeur/processeur.srcs/sources_1/new/PRE_PROCESS.vhd" into library xil_defaultlib
INFO: [VRFC 10-307] analyzing entity PRE_PROCESS
INFO: [VRFC 10-163] Analyzing VHDL file "/home/g_robert/tmp_PSI/projet-info/processeur/processeur.srcs/sources_1/new/CPU.vhd" into library xil_defaultlib
INFO: [VRFC 10-307] analyzing entity CPU
INFO: [VRFC 10-163] Analyzing VHDL file "/home/g_robert/tmp_PSI/projet-info/processeur/processeur.srcs/sources_1/new/PRE_PROCESS.vhd" into library xil_defaultlib
INFO: [VRFC 10-307] analyzing entity PRE_PROCESS
INFO: [VRFC 10-163] Analyzing VHDL file "/home/g_robert/tmp_PSI/projet-info/processeur/processeur.srcs/sources_1/new/code_bench.vhd" into library xil_defaultlib
INFO: [VRFC 10-307] analyzing entity code_bench
INFO: [VRFC 10-163] Analyzing VHDL file "/home/g_robert/tmp_PSI/projet-info/processeur/processeur.srcs/sources_1/new/CPU.vhd" into library xil_defaultlib
INFO: [VRFC 10-307] analyzing entity CPU
INFO: [VRFC 10-163] Analyzing VHDL file "/home/g_robert/tmp_PSI/projet-info/processeur/processeur.srcs/sources_1/new/CPU.vhd" into library xil_defaultlib
INFO: [VRFC 10-307] analyzing entity CPU
