
*** Running vivado
    with args -log CPU.vds -m64 -product Vivado -mode batch -messageDb vivado.pb -notrace -source CPU.tcl


****** Vivado v2018.2 (64-bit)
  **** SW Build 2258646 on Thu Jun 14 20:02:38 MDT 2018
  **** IP Build 2256618 on Thu Jun 14 22:10:49 MDT 2018
    ** Copyright 1986-2018 Xilinx, Inc. All Rights Reserved.

source CPU.tcl -notrace
Command: synth_design -top CPU -part xc7a35tcpg236-1
Starting synth_design
Attempting to get a license for feature 'Synthesis' and/or device 'xc7a35t'
INFO: [Common 17-349] Got license for feature 'Synthesis' and/or device 'xc7a35t'
INFO: Launching helper process for spawning children vivado processes
INFO: Helper process launched with PID 214500 
---------------------------------------------------------------------------------
Starting Synthesize : Time (s): cpu = 00:00:02 ; elapsed = 00:00:03 . Memory (MB): peak = 1255.270 ; gain = 83.809 ; free physical = 109841 ; free virtual = 137244
---------------------------------------------------------------------------------
INFO: [Synth 8-638] synthesizing module 'CPU' [/home/g_robert/tmp_PSI/projet-info/processeur/processeur.srcs/sources_1/new/CPU.vhd:40]
INFO: [Synth 8-3491] module 'PRE_PROCESS' declared at '/home/g_robert/tmp_PSI/projet-info/processeur/processeur.srcs/sources_1/new/PRE_PROCESS.vhd:34' bound to instance 'PROCESSING' of component 'PRE_PROCESS' [/home/g_robert/tmp_PSI/projet-info/processeur/processeur.srcs/sources_1/new/CPU.vhd:182]
INFO: [Synth 8-638] synthesizing module 'PRE_PROCESS' [/home/g_robert/tmp_PSI/projet-info/processeur/processeur.srcs/sources_1/new/PRE_PROCESS.vhd:42]
INFO: [Synth 8-256] done synthesizing module 'PRE_PROCESS' (1#1) [/home/g_robert/tmp_PSI/projet-info/processeur/processeur.srcs/sources_1/new/PRE_PROCESS.vhd:42]
INFO: [Synth 8-3491] module 'registers' declared at '/home/g_robert/tmp_PSI/projet-info/processeur/processeur.srcs/sources_1/new/registers.vhd:36' bound to instance 'REGS' of component 'registers' [/home/g_robert/tmp_PSI/projet-info/processeur/processeur.srcs/sources_1/new/CPU.vhd:187]
INFO: [Synth 8-638] synthesizing module 'registers' [/home/g_robert/tmp_PSI/projet-info/processeur/processeur.srcs/sources_1/new/registers.vhd:49]
INFO: [Synth 8-256] done synthesizing module 'registers' (2#1) [/home/g_robert/tmp_PSI/projet-info/processeur/processeur.srcs/sources_1/new/registers.vhd:49]
INFO: [Synth 8-3491] module 'code_bench' declared at '/home/g_robert/tmp_PSI/projet-info/processeur/processeur.srcs/sources_1/new/code_bench.vhd:36' bound to instance 'ASM' of component 'code_bench' [/home/g_robert/tmp_PSI/projet-info/processeur/processeur.srcs/sources_1/new/CPU.vhd:196]
INFO: [Synth 8-638] synthesizing module 'code_bench' [/home/g_robert/tmp_PSI/projet-info/processeur/processeur.srcs/sources_1/new/code_bench.vhd:53]
INFO: [Synth 8-256] done synthesizing module 'code_bench' (3#1) [/home/g_robert/tmp_PSI/projet-info/processeur/processeur.srcs/sources_1/new/code_bench.vhd:53]
INFO: [Synth 8-3491] module 'compteur_8bits' declared at '/home/g_robert/tmp_PSI/projet-info/processeur/processeur.srcs/sources_1/new/compteur_8bits.vhd:36' bound to instance 'CONT' of component 'compteur_8bits' [/home/g_robert/tmp_PSI/projet-info/processeur/processeur.srcs/sources_1/new/CPU.vhd:207]
INFO: [Synth 8-638] synthesizing module 'compteur_8bits' [/home/g_robert/tmp_PSI/projet-info/processeur/processeur.srcs/sources_1/new/compteur_8bits.vhd:46]
INFO: [Synth 8-256] done synthesizing module 'compteur_8bits' (4#1) [/home/g_robert/tmp_PSI/projet-info/processeur/processeur.srcs/sources_1/new/compteur_8bits.vhd:46]
WARNING: [Synth 8-5640] Port 'flush' is missing in component declaration [/home/g_robert/tmp_PSI/projet-info/processeur/processeur.srcs/sources_1/new/CPU.vhd:41]
INFO: [Synth 8-3491] module 'sync' declared at '/home/g_robert/tmp_PSI/projet-info/processeur/processeur.srcs/sources_1/new/sync.vhd:36' bound to instance 'LIDI' of component 'sync' [/home/g_robert/tmp_PSI/projet-info/processeur/processeur.srcs/sources_1/new/CPU.vhd:217]
INFO: [Synth 8-638] synthesizing module 'sync' [/home/g_robert/tmp_PSI/projet-info/processeur/processeur.srcs/sources_1/new/sync.vhd:45]
INFO: [Synth 8-256] done synthesizing module 'sync' (5#1) [/home/g_robert/tmp_PSI/projet-info/processeur/processeur.srcs/sources_1/new/sync.vhd:45]
INFO: [Synth 8-3491] module 'MUX_DI' declared at '/home/g_robert/tmp_PSI/projet-info/processeur/processeur.srcs/sources_1/new/MUX_DI.vhd:34' bound to instance 'DI_MUX' of component 'MUX_DI' [/home/g_robert/tmp_PSI/projet-info/processeur/processeur.srcs/sources_1/new/CPU.vhd:229]
INFO: [Synth 8-638] synthesizing module 'MUX_DI' [/home/g_robert/tmp_PSI/projet-info/processeur/processeur.srcs/sources_1/new/MUX_DI.vhd:42]
INFO: [Synth 8-256] done synthesizing module 'MUX_DI' (6#1) [/home/g_robert/tmp_PSI/projet-info/processeur/processeur.srcs/sources_1/new/MUX_DI.vhd:42]
INFO: [Synth 8-3491] module 'LC_ALU' declared at '/home/g_robert/tmp_PSI/projet-info/processeur/processeur.srcs/sources_1/new/LC_ALU.vhd:34' bound to instance 'ALU_LC' of component 'LC_ALU' [/home/g_robert/tmp_PSI/projet-info/processeur/processeur.srcs/sources_1/new/CPU.vhd:235]
INFO: [Synth 8-638] synthesizing module 'LC_ALU' [/home/g_robert/tmp_PSI/projet-info/processeur/processeur.srcs/sources_1/new/LC_ALU.vhd:41]
INFO: [Synth 8-256] done synthesizing module 'LC_ALU' (7#1) [/home/g_robert/tmp_PSI/projet-info/processeur/processeur.srcs/sources_1/new/LC_ALU.vhd:41]
INFO: [Synth 8-3491] module 'ALU' declared at '/home/g_robert/tmp_PSI/projet-info/processeur/processeur.srcs/sources_1/new/ALU.vhd:36' bound to instance 'UAL' of component 'ALU' [/home/g_robert/tmp_PSI/projet-info/processeur/processeur.srcs/sources_1/new/CPU.vhd:239]
INFO: [Synth 8-638] synthesizing module 'ALU' [/home/g_robert/tmp_PSI/projet-info/processeur/processeur.srcs/sources_1/new/ALU.vhd:48]
WARNING: [Synth 8-3848] Net N in module/entity ALU does not have driver. [/home/g_robert/tmp_PSI/projet-info/processeur/processeur.srcs/sources_1/new/ALU.vhd:40]
INFO: [Synth 8-256] done synthesizing module 'ALU' (8#1) [/home/g_robert/tmp_PSI/projet-info/processeur/processeur.srcs/sources_1/new/ALU.vhd:48]
INFO: [Synth 8-3491] module 'MUX_EX' declared at '/home/g_robert/tmp_PSI/projet-info/processeur/processeur.srcs/sources_1/new/MUX_EX.vhd:34' bound to instance 'EX_MUX' of component 'MUX_EX' [/home/g_robert/tmp_PSI/projet-info/processeur/processeur.srcs/sources_1/new/CPU.vhd:248]
INFO: [Synth 8-638] synthesizing module 'MUX_EX' [/home/g_robert/tmp_PSI/projet-info/processeur/processeur.srcs/sources_1/new/MUX_EX.vhd:43]
INFO: [Synth 8-256] done synthesizing module 'MUX_EX' (9#1) [/home/g_robert/tmp_PSI/projet-info/processeur/processeur.srcs/sources_1/new/MUX_EX.vhd:43]
WARNING: [Synth 8-5640] Port 'flush' is missing in component declaration [/home/g_robert/tmp_PSI/projet-info/processeur/processeur.srcs/sources_1/new/CPU.vhd:41]
INFO: [Synth 8-3491] module 'sync' declared at '/home/g_robert/tmp_PSI/projet-info/processeur/processeur.srcs/sources_1/new/sync.vhd:36' bound to instance 'DIEX' of component 'sync' [/home/g_robert/tmp_PSI/projet-info/processeur/processeur.srcs/sources_1/new/CPU.vhd:255]
WARNING: [Synth 8-5640] Port 'flush' is missing in component declaration [/home/g_robert/tmp_PSI/projet-info/processeur/processeur.srcs/sources_1/new/CPU.vhd:41]
INFO: [Synth 8-3491] module 'sync' declared at '/home/g_robert/tmp_PSI/projet-info/processeur/processeur.srcs/sources_1/new/sync.vhd:36' bound to instance 'EXMEM' of component 'sync' [/home/g_robert/tmp_PSI/projet-info/processeur/processeur.srcs/sources_1/new/CPU.vhd:266]
INFO: [Synth 8-3491] module 'MUX_MEM' declared at '/home/g_robert/tmp_PSI/projet-info/processeur/processeur.srcs/sources_1/new/MUX_MEM.vhd:34' bound to instance 'MEM_MUX' of component 'MUX_MEM' [/home/g_robert/tmp_PSI/projet-info/processeur/processeur.srcs/sources_1/new/CPU.vhd:278]
INFO: [Synth 8-638] synthesizing module 'MUX_MEM' [/home/g_robert/tmp_PSI/projet-info/processeur/processeur.srcs/sources_1/new/MUX_MEM.vhd:43]
INFO: [Synth 8-256] done synthesizing module 'MUX_MEM' (10#1) [/home/g_robert/tmp_PSI/projet-info/processeur/processeur.srcs/sources_1/new/MUX_MEM.vhd:43]
INFO: [Synth 8-3491] module 'LC_Mem' declared at '/home/g_robert/tmp_PSI/projet-info/processeur/processeur.srcs/sources_1/new/LC_Mem.vhd:34' bound to instance 'MEM_LC' of component 'LC_Mem' [/home/g_robert/tmp_PSI/projet-info/processeur/processeur.srcs/sources_1/new/CPU.vhd:284]
INFO: [Synth 8-638] synthesizing module 'LC_Mem' [/home/g_robert/tmp_PSI/projet-info/processeur/processeur.srcs/sources_1/new/LC_Mem.vhd:41]
INFO: [Synth 8-256] done synthesizing module 'LC_Mem' (11#1) [/home/g_robert/tmp_PSI/projet-info/processeur/processeur.srcs/sources_1/new/LC_Mem.vhd:41]
INFO: [Synth 8-3491] module 'data_bench' declared at '/home/g_robert/tmp_PSI/projet-info/processeur/processeur.srcs/sources_1/new/data_bench.vhd:35' bound to instance 'MEMORY' of component 'data_bench' [/home/g_robert/tmp_PSI/projet-info/processeur/processeur.srcs/sources_1/new/CPU.vhd:289]
INFO: [Synth 8-638] synthesizing module 'data_bench' [/home/g_robert/tmp_PSI/projet-info/processeur/processeur.srcs/sources_1/new/data_bench.vhd:46]
INFO: [Synth 8-256] done synthesizing module 'data_bench' (12#1) [/home/g_robert/tmp_PSI/projet-info/processeur/processeur.srcs/sources_1/new/data_bench.vhd:46]
WARNING: [Synth 8-5640] Port 'flush' is missing in component declaration [/home/g_robert/tmp_PSI/projet-info/processeur/processeur.srcs/sources_1/new/CPU.vhd:41]
INFO: [Synth 8-3491] module 'sync' declared at '/home/g_robert/tmp_PSI/projet-info/processeur/processeur.srcs/sources_1/new/sync.vhd:36' bound to instance 'DELAY' of component 'sync' [/home/g_robert/tmp_PSI/projet-info/processeur/processeur.srcs/sources_1/new/CPU.vhd:298]
INFO: [Synth 8-3491] module 'MUX_RE' declared at '/home/g_robert/tmp_PSI/projet-info/processeur/processeur.srcs/sources_1/new/MUX_RE.vhd:34' bound to instance 'RE_MUX' of component 'MUX_RE' [/home/g_robert/tmp_PSI/projet-info/processeur/processeur.srcs/sources_1/new/CPU.vhd:309]
INFO: [Synth 8-638] synthesizing module 'MUX_RE' [/home/g_robert/tmp_PSI/projet-info/processeur/processeur.srcs/sources_1/new/MUX_RE.vhd:43]
INFO: [Synth 8-256] done synthesizing module 'MUX_RE' (13#1) [/home/g_robert/tmp_PSI/projet-info/processeur/processeur.srcs/sources_1/new/MUX_RE.vhd:43]
WARNING: [Synth 8-5640] Port 'flush' is missing in component declaration [/home/g_robert/tmp_PSI/projet-info/processeur/processeur.srcs/sources_1/new/CPU.vhd:41]
INFO: [Synth 8-3491] module 'sync' declared at '/home/g_robert/tmp_PSI/projet-info/processeur/processeur.srcs/sources_1/new/sync.vhd:36' bound to instance 'MEMRE' of component 'sync' [/home/g_robert/tmp_PSI/projet-info/processeur/processeur.srcs/sources_1/new/CPU.vhd:317]
INFO: [Synth 8-3491] module 'LC' declared at '/home/g_robert/tmp_PSI/projet-info/processeur/processeur.srcs/sources_1/new/LC.vhd:34' bound to instance 'writeback' of component 'LC' [/home/g_robert/tmp_PSI/projet-info/processeur/processeur.srcs/sources_1/new/CPU.vhd:328]
INFO: [Synth 8-638] synthesizing module 'LC' [/home/g_robert/tmp_PSI/projet-info/processeur/processeur.srcs/sources_1/new/LC.vhd:40]
INFO: [Synth 8-256] done synthesizing module 'LC' (14#1) [/home/g_robert/tmp_PSI/projet-info/processeur/processeur.srcs/sources_1/new/LC.vhd:40]
INFO: [Synth 8-256] done synthesizing module 'CPU' (15#1) [/home/g_robert/tmp_PSI/projet-info/processeur/processeur.srcs/sources_1/new/CPU.vhd:40]
WARNING: [Synth 8-3331] design ALU has unconnected port N
---------------------------------------------------------------------------------
Finished Synthesize : Time (s): cpu = 00:00:03 ; elapsed = 00:00:05 . Memory (MB): peak = 1309.895 ; gain = 138.434 ; free physical = 109837 ; free virtual = 137240
---------------------------------------------------------------------------------
---------------------------------------------------------------------------------
Finished Constraint Validation : Time (s): cpu = 00:00:03 ; elapsed = 00:00:05 . Memory (MB): peak = 1309.895 ; gain = 138.434 ; free physical = 109839 ; free virtual = 137242
---------------------------------------------------------------------------------
---------------------------------------------------------------------------------
Start Loading Part and Timing Information
---------------------------------------------------------------------------------
Loading part: xc7a35tcpg236-1
INFO: [Device 21-403] Loading part xc7a35tcpg236-1
---------------------------------------------------------------------------------
Finished Loading Part and Timing Information : Time (s): cpu = 00:00:03 ; elapsed = 00:00:05 . Memory (MB): peak = 1317.898 ; gain = 146.438 ; free physical = 109838 ; free virtual = 137241
---------------------------------------------------------------------------------
INFO: [Synth 8-5544] ROM "regs_reg[0]" won't be mapped to Block RAM because address size (4) smaller than threshold (5)
INFO: [Synth 8-5544] ROM "regs_reg[1]" won't be mapped to Block RAM because address size (4) smaller than threshold (5)
INFO: [Synth 8-5544] ROM "regs_reg[2]" won't be mapped to Block RAM because address size (4) smaller than threshold (5)
INFO: [Synth 8-5544] ROM "regs_reg[3]" won't be mapped to Block RAM because address size (4) smaller than threshold (5)
INFO: [Synth 8-5544] ROM "regs_reg[4]" won't be mapped to Block RAM because address size (4) smaller than threshold (5)
INFO: [Synth 8-5544] ROM "regs_reg[5]" won't be mapped to Block RAM because address size (4) smaller than threshold (5)
INFO: [Synth 8-5544] ROM "regs_reg[6]" won't be mapped to Block RAM because address size (4) smaller than threshold (5)
INFO: [Synth 8-5544] ROM "regs_reg[7]" won't be mapped to Block RAM because address size (4) smaller than threshold (5)
INFO: [Synth 8-5544] ROM "regs_reg[8]" won't be mapped to Block RAM because address size (4) smaller than threshold (5)
INFO: [Synth 8-5544] ROM "regs_reg[9]" won't be mapped to Block RAM because address size (4) smaller than threshold (5)
INFO: [Synth 8-5544] ROM "regs_reg[10]" won't be mapped to Block RAM because address size (4) smaller than threshold (5)
INFO: [Synth 8-5544] ROM "regs_reg[11]" won't be mapped to Block RAM because address size (4) smaller than threshold (5)
INFO: [Synth 8-5544] ROM "regs_reg[12]" won't be mapped to Block RAM because address size (4) smaller than threshold (5)
INFO: [Synth 8-5544] ROM "regs_reg[13]" won't be mapped to Block RAM because address size (4) smaller than threshold (5)
INFO: [Synth 8-5544] ROM "regs_reg[14]" won't be mapped to Block RAM because address size (4) smaller than threshold (5)
INFO: [Synth 8-5544] ROM "regs_reg[15]" won't be mapped to Block RAM because address size (4) smaller than threshold (5)
INFO: [Synth 8-5546] ROM "memory" won't be mapped to RAM because it is too sparse
INFO: [Synth 8-5818] HDL ADVISOR - The operator resource <adder> is shared. To prevent sharing consider applying a KEEP on the output of the operator [/home/g_robert/tmp_PSI/projet-info/processeur/processeur.srcs/sources_1/new/compteur_8bits.vhd:57]
INFO: [Synth 8-5546] ROM "OUTPUT" won't be mapped to RAM because it is too sparse
INFO: [Synth 8-5546] ROM "memory_reg[0]" won't be mapped to RAM because it is too sparse
INFO: [Synth 8-5546] ROM "memory_reg[1]" won't be mapped to RAM because it is too sparse
INFO: [Synth 8-5546] ROM "memory_reg[2]" won't be mapped to RAM because it is too sparse
INFO: [Synth 8-5546] ROM "memory_reg[3]" won't be mapped to RAM because it is too sparse
INFO: [Synth 8-5546] ROM "memory_reg[4]" won't be mapped to RAM because it is too sparse
INFO: [Synth 8-5546] ROM "memory_reg[5]" won't be mapped to RAM because it is too sparse
INFO: [Synth 8-5546] ROM "memory_reg[6]" won't be mapped to RAM because it is too sparse
INFO: [Synth 8-5546] ROM "memory_reg[7]" won't be mapped to RAM because it is too sparse
INFO: [Synth 8-5546] ROM "memory_reg[8]" won't be mapped to RAM because it is too sparse
INFO: [Synth 8-5546] ROM "memory_reg[9]" won't be mapped to RAM because it is too sparse
INFO: [Synth 8-5546] ROM "memory_reg[10]" won't be mapped to RAM because it is too sparse
INFO: [Synth 8-5546] ROM "memory_reg[11]" won't be mapped to RAM because it is too sparse
INFO: [Synth 8-5546] ROM "memory_reg[12]" won't be mapped to RAM because it is too sparse
INFO: [Synth 8-5546] ROM "memory_reg[13]" won't be mapped to RAM because it is too sparse
INFO: [Synth 8-5546] ROM "memory_reg[14]" won't be mapped to RAM because it is too sparse
INFO: [Synth 8-5546] ROM "memory_reg[15]" won't be mapped to RAM because it is too sparse
INFO: [Synth 8-5546] ROM "memory_reg[16]" won't be mapped to RAM because it is too sparse
INFO: [Synth 8-5546] ROM "memory_reg[17]" won't be mapped to RAM because it is too sparse
INFO: [Synth 8-5546] ROM "memory_reg[18]" won't be mapped to RAM because it is too sparse
INFO: [Synth 8-5546] ROM "memory_reg[19]" won't be mapped to RAM because it is too sparse
INFO: [Synth 8-5546] ROM "memory_reg[20]" won't be mapped to RAM because it is too sparse
INFO: [Synth 8-5546] ROM "memory_reg[21]" won't be mapped to RAM because it is too sparse
INFO: [Synth 8-5546] ROM "memory_reg[22]" won't be mapped to RAM because it is too sparse
INFO: [Synth 8-5546] ROM "memory_reg[23]" won't be mapped to RAM because it is too sparse
INFO: [Synth 8-5546] ROM "memory_reg[24]" won't be mapped to RAM because it is too sparse
INFO: [Synth 8-5546] ROM "memory_reg[25]" won't be mapped to RAM because it is too sparse
INFO: [Synth 8-5546] ROM "memory_reg[26]" won't be mapped to RAM because it is too sparse
INFO: [Synth 8-5546] ROM "memory_reg[27]" won't be mapped to RAM because it is too sparse
INFO: [Synth 8-5546] ROM "memory_reg[28]" won't be mapped to RAM because it is too sparse
INFO: [Synth 8-5546] ROM "memory_reg[29]" won't be mapped to RAM because it is too sparse
INFO: [Synth 8-5546] ROM "memory_reg[30]" won't be mapped to RAM because it is too sparse
INFO: [Synth 8-5546] ROM "memory_reg[31]" won't be mapped to RAM because it is too sparse
INFO: [Synth 8-5546] ROM "memory_reg[32]" won't be mapped to RAM because it is too sparse
INFO: [Synth 8-5546] ROM "memory_reg[33]" won't be mapped to RAM because it is too sparse
INFO: [Synth 8-5546] ROM "memory_reg[34]" won't be mapped to RAM because it is too sparse
INFO: [Synth 8-5546] ROM "memory_reg[35]" won't be mapped to RAM because it is too sparse
INFO: [Synth 8-5546] ROM "memory_reg[36]" won't be mapped to RAM because it is too sparse
INFO: [Synth 8-5546] ROM "memory_reg[37]" won't be mapped to RAM because it is too sparse
INFO: [Synth 8-5546] ROM "memory_reg[38]" won't be mapped to RAM because it is too sparse
INFO: [Synth 8-5546] ROM "memory_reg[39]" won't be mapped to RAM because it is too sparse
INFO: [Synth 8-5546] ROM "memory_reg[40]" won't be mapped to RAM because it is too sparse
INFO: [Synth 8-5546] ROM "memory_reg[41]" won't be mapped to RAM because it is too sparse
INFO: [Synth 8-5546] ROM "memory_reg[42]" won't be mapped to RAM because it is too sparse
INFO: [Synth 8-5546] ROM "memory_reg[43]" won't be mapped to RAM because it is too sparse
INFO: [Synth 8-5546] ROM "memory_reg[44]" won't be mapped to RAM because it is too sparse
INFO: [Synth 8-5546] ROM "memory_reg[45]" won't be mapped to RAM because it is too sparse
INFO: [Synth 8-5546] ROM "memory_reg[46]" won't be mapped to RAM because it is too sparse
INFO: [Synth 8-5546] ROM "memory_reg[47]" won't be mapped to RAM because it is too sparse
INFO: [Synth 8-5546] ROM "memory_reg[48]" won't be mapped to RAM because it is too sparse
INFO: [Synth 8-5546] ROM "memory_reg[49]" won't be mapped to RAM because it is too sparse
INFO: [Synth 8-5546] ROM "memory_reg[50]" won't be mapped to RAM because it is too sparse
INFO: [Synth 8-5546] ROM "memory_reg[51]" won't be mapped to RAM because it is too sparse
INFO: [Synth 8-5546] ROM "memory_reg[52]" won't be mapped to RAM because it is too sparse
INFO: [Synth 8-5546] ROM "memory_reg[53]" won't be mapped to RAM because it is too sparse
INFO: [Synth 8-5546] ROM "memory_reg[54]" won't be mapped to RAM because it is too sparse
INFO: [Synth 8-5546] ROM "memory_reg[55]" won't be mapped to RAM because it is too sparse
INFO: [Synth 8-5546] ROM "memory_reg[56]" won't be mapped to RAM because it is too sparse
INFO: [Synth 8-5546] ROM "memory_reg[57]" won't be mapped to RAM because it is too sparse
INFO: [Synth 8-5546] ROM "memory_reg[58]" won't be mapped to RAM because it is too sparse
INFO: [Synth 8-5546] ROM "memory_reg[59]" won't be mapped to RAM because it is too sparse
INFO: [Synth 8-5546] ROM "memory_reg[60]" won't be mapped to RAM because it is too sparse
INFO: [Synth 8-5546] ROM "memory_reg[61]" won't be mapped to RAM because it is too sparse
INFO: [Synth 8-5546] ROM "memory_reg[62]" won't be mapped to RAM because it is too sparse
INFO: [Synth 8-5546] ROM "memory_reg[63]" won't be mapped to RAM because it is too sparse
INFO: [Synth 8-5546] ROM "memory_reg[64]" won't be mapped to RAM because it is too sparse
INFO: [Synth 8-5546] ROM "memory_reg[65]" won't be mapped to RAM because it is too sparse
INFO: [Synth 8-5546] ROM "memory_reg[66]" won't be mapped to RAM because it is too sparse
INFO: [Synth 8-5546] ROM "memory_reg[67]" won't be mapped to RAM because it is too sparse
INFO: [Synth 8-5546] ROM "memory_reg[68]" won't be mapped to RAM because it is too sparse
INFO: [Synth 8-5546] ROM "memory_reg[69]" won't be mapped to RAM because it is too sparse
INFO: [Synth 8-5546] ROM "memory_reg[70]" won't be mapped to RAM because it is too sparse
INFO: [Synth 8-5546] ROM "memory_reg[71]" won't be mapped to RAM because it is too sparse
INFO: [Synth 8-5546] ROM "memory_reg[72]" won't be mapped to RAM because it is too sparse
INFO: [Synth 8-5546] ROM "memory_reg[73]" won't be mapped to RAM because it is too sparse
INFO: [Synth 8-5546] ROM "memory_reg[74]" won't be mapped to RAM because it is too sparse
INFO: [Synth 8-5546] ROM "memory_reg[75]" won't be mapped to RAM because it is too sparse
INFO: [Synth 8-5546] ROM "memory_reg[76]" won't be mapped to RAM because it is too sparse
INFO: [Synth 8-5546] ROM "memory_reg[77]" won't be mapped to RAM because it is too sparse
INFO: [Synth 8-5546] ROM "memory_reg[78]" won't be mapped to RAM because it is too sparse
INFO: [Synth 8-5546] ROM "memory_reg[79]" won't be mapped to RAM because it is too sparse
INFO: [Synth 8-5546] ROM "memory_reg[80]" won't be mapped to RAM because it is too sparse
INFO: [Synth 8-5546] ROM "memory_reg[81]" won't be mapped to RAM because it is too sparse
INFO: [Synth 8-5546] ROM "memory_reg[82]" won't be mapped to RAM because it is too sparse
INFO: [Synth 8-5546] ROM "memory_reg[83]" won't be mapped to RAM because it is too sparse
INFO: [Synth 8-5546] ROM "memory_reg[84]" won't be mapped to RAM because it is too sparse
INFO: [Synth 8-5546] ROM "memory_reg[85]" won't be mapped to RAM because it is too sparse
INFO: [Synth 8-5546] ROM "memory_reg[86]" won't be mapped to RAM because it is too sparse
INFO: [Synth 8-5546] ROM "memory_reg[87]" won't be mapped to RAM because it is too sparse
INFO: [Synth 8-5546] ROM "memory_reg[88]" won't be mapped to RAM because it is too sparse
INFO: [Synth 8-5546] ROM "memory_reg[89]" won't be mapped to RAM because it is too sparse
INFO: [Synth 8-5546] ROM "memory_reg[90]" won't be mapped to RAM because it is too sparse
INFO: [Synth 8-5546] ROM "memory_reg[91]" won't be mapped to RAM because it is too sparse
INFO: [Synth 8-5546] ROM "memory_reg[92]" won't be mapped to RAM because it is too sparse
INFO: [Synth 8-5546] ROM "memory_reg[93]" won't be mapped to RAM because it is too sparse
INFO: [Synth 8-5546] ROM "memory_reg[94]" won't be mapped to RAM because it is too sparse
INFO: [Synth 8-5546] ROM "memory_reg[95]" won't be mapped to RAM because it is too sparse
INFO: [Synth 8-5546] ROM "memory_reg[96]" won't be mapped to RAM because it is too sparse
INFO: [Synth 8-5546] ROM "memory_reg[97]" won't be mapped to RAM because it is too sparse
INFO: [Common 17-14] Message 'Synth 8-5546' appears 100 times and further instances of the messages will be disabled. Use the Tcl command set_msg_config to change the current settings.
WARNING: [Synth 8-327] inferring latch for variable 'aux_reg' [/home/g_robert/tmp_PSI/projet-info/processeur/processeur.srcs/sources_1/new/ALU.vhd:52]
---------------------------------------------------------------------------------
Finished RTL Optimization Phase 2 : Time (s): cpu = 00:00:06 ; elapsed = 00:00:07 . Memory (MB): peak = 1333.914 ; gain = 162.453 ; free physical = 109779 ; free virtual = 137183
---------------------------------------------------------------------------------

Report RTL Partitions: 
+-+--------------+------------+----------+
| |RTL Partition |Replication |Instances |
+-+--------------+------------+----------+
+-+--------------+------------+----------+
No constraint files found.
---------------------------------------------------------------------------------
Start RTL Component Statistics 
---------------------------------------------------------------------------------
Detailed RTL Component Info : 
+---Adders : 
	   3 Input     16 Bit       Adders := 1     
	   2 Input      8 Bit       Adders := 1     
+---Registers : 
	               32 Bit    Registers := 1     
	                8 Bit    Registers := 294   
+---Muxes : 
	 257 Input     32 Bit        Muxes := 1     
	   2 Input     16 Bit        Muxes := 1     
	   2 Input      8 Bit        Muxes := 26    
	   2 Input      2 Bit        Muxes := 3     
	   2 Input      1 Bit        Muxes := 276   
---------------------------------------------------------------------------------
Finished RTL Component Statistics 
---------------------------------------------------------------------------------
---------------------------------------------------------------------------------
Start RTL Hierarchical Component Statistics 
---------------------------------------------------------------------------------
Hierarchical RTL Component report 
Module registers 
Detailed RTL Component Info : 
+---Registers : 
	                8 Bit    Registers := 16    
+---Muxes : 
	   2 Input      8 Bit        Muxes := 2     
	   2 Input      1 Bit        Muxes := 16    
Module code_bench 
Detailed RTL Component Info : 
+---Registers : 
	               32 Bit    Registers := 1     
+---Muxes : 
	 257 Input     32 Bit        Muxes := 1     
Module compteur_8bits 
Detailed RTL Component Info : 
+---Adders : 
	   2 Input      8 Bit       Adders := 1     
+---Registers : 
	                8 Bit    Registers := 1     
+---Muxes : 
	   2 Input      8 Bit        Muxes := 1     
	   2 Input      2 Bit        Muxes := 1     
	   2 Input      1 Bit        Muxes := 1     
Module sync 
Detailed RTL Component Info : 
+---Registers : 
	                8 Bit    Registers := 4     
+---Muxes : 
	   2 Input      8 Bit        Muxes := 4     
Module MUX_DI 
Detailed RTL Component Info : 
+---Muxes : 
	   2 Input      8 Bit        Muxes := 1     
Module LC_ALU 
Detailed RTL Component Info : 
+---Muxes : 
	   2 Input      2 Bit        Muxes := 2     
Module ALU 
Detailed RTL Component Info : 
+---Adders : 
	   3 Input     16 Bit       Adders := 1     
+---Muxes : 
	   2 Input     16 Bit        Muxes := 1     
	   2 Input      1 Bit        Muxes := 2     
Module MUX_EX 
Detailed RTL Component Info : 
+---Muxes : 
	   2 Input      8 Bit        Muxes := 1     
Module MUX_MEM 
Detailed RTL Component Info : 
+---Muxes : 
	   2 Input      8 Bit        Muxes := 1     
Module LC_Mem 
Detailed RTL Component Info : 
+---Muxes : 
	   2 Input      1 Bit        Muxes := 1     
Module data_bench 
Detailed RTL Component Info : 
+---Registers : 
	                8 Bit    Registers := 257   
+---Muxes : 
	   2 Input      1 Bit        Muxes := 256   
---------------------------------------------------------------------------------
Finished RTL Hierarchical Component Statistics
---------------------------------------------------------------------------------
---------------------------------------------------------------------------------
Start Part Resource Summary
---------------------------------------------------------------------------------
Part Resources:
DSPs: 90 (col length:60)
BRAMs: 100 (col length: RAMB18 60 RAMB36 30)
---------------------------------------------------------------------------------
Finished Part Resource Summary
---------------------------------------------------------------------------------
No constraint files found.
---------------------------------------------------------------------------------
Start Cross Boundary and Area Optimization
---------------------------------------------------------------------------------
Warning: Parallel synthesis criteria is not met 
WARNING: [Synth 8-6014] Unused sequential element EXMEM/C_OUT_reg was removed.  [/home/g_robert/tmp_PSI/projet-info/processeur/processeur.srcs/sources_1/new/sync.vhd:54]
WARNING: [Synth 8-6014] Unused sequential element MEMRE/C_OUT_reg was removed.  [/home/g_robert/tmp_PSI/projet-info/processeur/processeur.srcs/sources_1/new/sync.vhd:54]
WARNING: [Synth 8-3936] Found unconnected internal register 'LIDI/C_OUT_reg' and it is trimmed from '8' to '4' bits. [/home/g_robert/tmp_PSI/projet-info/processeur/processeur.srcs/sources_1/new/sync.vhd:54]
WARNING: [Synth 8-3936] Found unconnected internal register 'MEMRE/A_OUT_reg' and it is trimmed from '8' to '4' bits. [/home/g_robert/tmp_PSI/projet-info/processeur/processeur.srcs/sources_1/new/sync.vhd:51]
WARNING: [Synth 8-3332] Sequential element (UAL/aux_reg[15]) is unused and will be removed from module CPU.
WARNING: [Synth 8-3332] Sequential element (UAL/aux_reg[14]) is unused and will be removed from module CPU.
WARNING: [Synth 8-3332] Sequential element (UAL/aux_reg[13]) is unused and will be removed from module CPU.
WARNING: [Synth 8-3332] Sequential element (UAL/aux_reg[12]) is unused and will be removed from module CPU.
WARNING: [Synth 8-3332] Sequential element (UAL/aux_reg[11]) is unused and will be removed from module CPU.
WARNING: [Synth 8-3332] Sequential element (UAL/aux_reg[10]) is unused and will be removed from module CPU.
WARNING: [Synth 8-3332] Sequential element (UAL/aux_reg[9]) is unused and will be removed from module CPU.
WARNING: [Synth 8-3332] Sequential element (UAL/aux_reg[8]) is unused and will be removed from module CPU.
WARNING: [Synth 8-3332] Sequential element (UAL/aux_reg[7]) is unused and will be removed from module CPU.
WARNING: [Synth 8-3332] Sequential element (UAL/aux_reg[6]) is unused and will be removed from module CPU.
WARNING: [Synth 8-3332] Sequential element (UAL/aux_reg[5]) is unused and will be removed from module CPU.
WARNING: [Synth 8-3332] Sequential element (UAL/aux_reg[4]) is unused and will be removed from module CPU.
WARNING: [Synth 8-3332] Sequential element (UAL/aux_reg[3]) is unused and will be removed from module CPU.
WARNING: [Synth 8-3332] Sequential element (UAL/aux_reg[2]) is unused and will be removed from module CPU.
WARNING: [Synth 8-3332] Sequential element (UAL/aux_reg[1]) is unused and will be removed from module CPU.
WARNING: [Synth 8-3332] Sequential element (UAL/aux_reg[0]) is unused and will be removed from module CPU.
WARNING: [Synth 8-3332] Sequential element (MEMORY/memory_reg[0][7]) is unused and will be removed from module CPU.
WARNING: [Synth 8-3332] Sequential element (MEMORY/memory_reg[0][6]) is unused and will be removed from module CPU.
WARNING: [Synth 8-3332] Sequential element (MEMORY/memory_reg[0][5]) is unused and will be removed from module CPU.
WARNING: [Synth 8-3332] Sequential element (MEMORY/memory_reg[0][4]) is unused and will be removed from module CPU.
WARNING: [Synth 8-3332] Sequential element (MEMORY/memory_reg[0][3]) is unused and will be removed from module CPU.
WARNING: [Synth 8-3332] Sequential element (MEMORY/memory_reg[0][2]) is unused and will be removed from module CPU.
WARNING: [Synth 8-3332] Sequential element (MEMORY/memory_reg[0][1]) is unused and will be removed from module CPU.
WARNING: [Synth 8-3332] Sequential element (MEMORY/memory_reg[0][0]) is unused and will be removed from module CPU.
WARNING: [Synth 8-3332] Sequential element (MEMORY/memory_reg[1][7]) is unused and will be removed from module CPU.
WARNING: [Synth 8-3332] Sequential element (MEMORY/memory_reg[1][6]) is unused and will be removed from module CPU.
WARNING: [Synth 8-3332] Sequential element (MEMORY/memory_reg[1][5]) is unused and will be removed from module CPU.
WARNING: [Synth 8-3332] Sequential element (MEMORY/memory_reg[1][4]) is unused and will be removed from module CPU.
WARNING: [Synth 8-3332] Sequential element (MEMORY/memory_reg[1][3]) is unused and will be removed from module CPU.
WARNING: [Synth 8-3332] Sequential element (MEMORY/memory_reg[1][2]) is unused and will be removed from module CPU.
WARNING: [Synth 8-3332] Sequential element (MEMORY/memory_reg[1][1]) is unused and will be removed from module CPU.
WARNING: [Synth 8-3332] Sequential element (MEMORY/memory_reg[1][0]) is unused and will be removed from module CPU.
WARNING: [Synth 8-3332] Sequential element (MEMORY/memory_reg[2][7]) is unused and will be removed from module CPU.
WARNING: [Synth 8-3332] Sequential element (MEMORY/memory_reg[2][6]) is unused and will be removed from module CPU.
WARNING: [Synth 8-3332] Sequential element (MEMORY/memory_reg[2][5]) is unused and will be removed from module CPU.
WARNING: [Synth 8-3332] Sequential element (MEMORY/memory_reg[2][4]) is unused and will be removed from module CPU.
WARNING: [Synth 8-3332] Sequential element (MEMORY/memory_reg[2][3]) is unused and will be removed from module CPU.
WARNING: [Synth 8-3332] Sequential element (MEMORY/memory_reg[2][2]) is unused and will be removed from module CPU.
WARNING: [Synth 8-3332] Sequential element (MEMORY/memory_reg[2][1]) is unused and will be removed from module CPU.
WARNING: [Synth 8-3332] Sequential element (MEMORY/memory_reg[2][0]) is unused and will be removed from module CPU.
WARNING: [Synth 8-3332] Sequential element (MEMORY/memory_reg[3][7]) is unused and will be removed from module CPU.
WARNING: [Synth 8-3332] Sequential element (MEMORY/memory_reg[3][6]) is unused and will be removed from module CPU.
WARNING: [Synth 8-3332] Sequential element (MEMORY/memory_reg[3][5]) is unused and will be removed from module CPU.
WARNING: [Synth 8-3332] Sequential element (MEMORY/memory_reg[3][4]) is unused and will be removed from module CPU.
WARNING: [Synth 8-3332] Sequential element (MEMORY/memory_reg[3][3]) is unused and will be removed from module CPU.
WARNING: [Synth 8-3332] Sequential element (MEMORY/memory_reg[3][2]) is unused and will be removed from module CPU.
WARNING: [Synth 8-3332] Sequential element (MEMORY/memory_reg[3][1]) is unused and will be removed from module CPU.
WARNING: [Synth 8-3332] Sequential element (MEMORY/memory_reg[3][0]) is unused and will be removed from module CPU.
WARNING: [Synth 8-3332] Sequential element (MEMORY/memory_reg[4][7]) is unused and will be removed from module CPU.
WARNING: [Synth 8-3332] Sequential element (MEMORY/memory_reg[4][6]) is unused and will be removed from module CPU.
WARNING: [Synth 8-3332] Sequential element (MEMORY/memory_reg[4][5]) is unused and will be removed from module CPU.
WARNING: [Synth 8-3332] Sequential element (MEMORY/memory_reg[4][4]) is unused and will be removed from module CPU.
WARNING: [Synth 8-3332] Sequential element (MEMORY/memory_reg[4][3]) is unused and will be removed from module CPU.
WARNING: [Synth 8-3332] Sequential element (MEMORY/memory_reg[4][2]) is unused and will be removed from module CPU.
WARNING: [Synth 8-3332] Sequential element (MEMORY/memory_reg[4][1]) is unused and will be removed from module CPU.
WARNING: [Synth 8-3332] Sequential element (MEMORY/memory_reg[4][0]) is unused and will be removed from module CPU.
WARNING: [Synth 8-3332] Sequential element (MEMORY/memory_reg[5][7]) is unused and will be removed from module CPU.
WARNING: [Synth 8-3332] Sequential element (MEMORY/memory_reg[5][6]) is unused and will be removed from module CPU.
WARNING: [Synth 8-3332] Sequential element (MEMORY/memory_reg[5][5]) is unused and will be removed from module CPU.
WARNING: [Synth 8-3332] Sequential element (MEMORY/memory_reg[5][4]) is unused and will be removed from module CPU.
WARNING: [Synth 8-3332] Sequential element (MEMORY/memory_reg[5][3]) is unused and will be removed from module CPU.
WARNING: [Synth 8-3332] Sequential element (MEMORY/memory_reg[5][2]) is unused and will be removed from module CPU.
WARNING: [Synth 8-3332] Sequential element (MEMORY/memory_reg[5][1]) is unused and will be removed from module CPU.
WARNING: [Synth 8-3332] Sequential element (MEMORY/memory_reg[5][0]) is unused and will be removed from module CPU.
WARNING: [Synth 8-3332] Sequential element (MEMORY/memory_reg[6][7]) is unused and will be removed from module CPU.
WARNING: [Synth 8-3332] Sequential element (MEMORY/memory_reg[6][6]) is unused and will be removed from module CPU.
WARNING: [Synth 8-3332] Sequential element (MEMORY/memory_reg[6][5]) is unused and will be removed from module CPU.
WARNING: [Synth 8-3332] Sequential element (MEMORY/memory_reg[6][4]) is unused and will be removed from module CPU.
WARNING: [Synth 8-3332] Sequential element (MEMORY/memory_reg[6][3]) is unused and will be removed from module CPU.
WARNING: [Synth 8-3332] Sequential element (MEMORY/memory_reg[6][2]) is unused and will be removed from module CPU.
WARNING: [Synth 8-3332] Sequential element (MEMORY/memory_reg[6][1]) is unused and will be removed from module CPU.
WARNING: [Synth 8-3332] Sequential element (MEMORY/memory_reg[6][0]) is unused and will be removed from module CPU.
WARNING: [Synth 8-3332] Sequential element (MEMORY/memory_reg[7][7]) is unused and will be removed from module CPU.
WARNING: [Synth 8-3332] Sequential element (MEMORY/memory_reg[7][6]) is unused and will be removed from module CPU.
WARNING: [Synth 8-3332] Sequential element (MEMORY/memory_reg[7][5]) is unused and will be removed from module CPU.
WARNING: [Synth 8-3332] Sequential element (MEMORY/memory_reg[7][4]) is unused and will be removed from module CPU.
WARNING: [Synth 8-3332] Sequential element (MEMORY/memory_reg[7][3]) is unused and will be removed from module CPU.
WARNING: [Synth 8-3332] Sequential element (MEMORY/memory_reg[7][2]) is unused and will be removed from module CPU.
WARNING: [Synth 8-3332] Sequential element (MEMORY/memory_reg[7][1]) is unused and will be removed from module CPU.
WARNING: [Synth 8-3332] Sequential element (MEMORY/memory_reg[7][0]) is unused and will be removed from module CPU.
WARNING: [Synth 8-3332] Sequential element (MEMORY/memory_reg[8][7]) is unused and will be removed from module CPU.
WARNING: [Synth 8-3332] Sequential element (MEMORY/memory_reg[8][6]) is unused and will be removed from module CPU.
WARNING: [Synth 8-3332] Sequential element (MEMORY/memory_reg[8][5]) is unused and will be removed from module CPU.
WARNING: [Synth 8-3332] Sequential element (MEMORY/memory_reg[8][4]) is unused and will be removed from module CPU.
WARNING: [Synth 8-3332] Sequential element (MEMORY/memory_reg[8][3]) is unused and will be removed from module CPU.
WARNING: [Synth 8-3332] Sequential element (MEMORY/memory_reg[8][2]) is unused and will be removed from module CPU.
WARNING: [Synth 8-3332] Sequential element (MEMORY/memory_reg[8][1]) is unused and will be removed from module CPU.
WARNING: [Synth 8-3332] Sequential element (MEMORY/memory_reg[8][0]) is unused and will be removed from module CPU.
WARNING: [Synth 8-3332] Sequential element (MEMORY/memory_reg[9][7]) is unused and will be removed from module CPU.
WARNING: [Synth 8-3332] Sequential element (MEMORY/memory_reg[9][6]) is unused and will be removed from module CPU.
WARNING: [Synth 8-3332] Sequential element (MEMORY/memory_reg[9][5]) is unused and will be removed from module CPU.
WARNING: [Synth 8-3332] Sequential element (MEMORY/memory_reg[9][4]) is unused and will be removed from module CPU.
WARNING: [Synth 8-3332] Sequential element (MEMORY/memory_reg[9][3]) is unused and will be removed from module CPU.
WARNING: [Synth 8-3332] Sequential element (MEMORY/memory_reg[9][2]) is unused and will be removed from module CPU.
WARNING: [Synth 8-3332] Sequential element (MEMORY/memory_reg[9][1]) is unused and will be removed from module CPU.
WARNING: [Synth 8-3332] Sequential element (MEMORY/memory_reg[9][0]) is unused and will be removed from module CPU.
WARNING: [Synth 8-3332] Sequential element (MEMORY/memory_reg[10][7]) is unused and will be removed from module CPU.
WARNING: [Synth 8-3332] Sequential element (MEMORY/memory_reg[10][6]) is unused and will be removed from module CPU.
WARNING: [Synth 8-3332] Sequential element (MEMORY/memory_reg[10][5]) is unused and will be removed from module CPU.
WARNING: [Synth 8-3332] Sequential element (MEMORY/memory_reg[10][4]) is unused and will be removed from module CPU.
INFO: [Common 17-14] Message 'Synth 8-3332' appears 100 times and further instances of the messages will be disabled. Use the Tcl command set_msg_config to change the current settings.
---------------------------------------------------------------------------------
Finished Cross Boundary and Area Optimization : Time (s): cpu = 00:00:13 ; elapsed = 00:00:30 . Memory (MB): peak = 1424.000 ; gain = 252.539 ; free physical = 109667 ; free virtual = 137074
---------------------------------------------------------------------------------

Report RTL Partitions: 
+-+--------------+------------+----------+
| |RTL Partition |Replication |Instances |
+-+--------------+------------+----------+
+-+--------------+------------+----------+
No constraint files found.
---------------------------------------------------------------------------------
Start Timing Optimization
---------------------------------------------------------------------------------
---------------------------------------------------------------------------------
Finished Timing Optimization : Time (s): cpu = 00:00:13 ; elapsed = 00:00:30 . Memory (MB): peak = 1424.000 ; gain = 252.539 ; free physical = 109667 ; free virtual = 137074
---------------------------------------------------------------------------------

Report RTL Partitions: 
+-+--------------+------------+----------+
| |RTL Partition |Replication |Instances |
+-+--------------+------------+----------+
+-+--------------+------------+----------+
---------------------------------------------------------------------------------
Start Technology Mapping
---------------------------------------------------------------------------------
---------------------------------------------------------------------------------
Finished Technology Mapping : Time (s): cpu = 00:00:13 ; elapsed = 00:00:30 . Memory (MB): peak = 1424.000 ; gain = 252.539 ; free physical = 109667 ; free virtual = 137074
---------------------------------------------------------------------------------

Report RTL Partitions: 
+-+--------------+------------+----------+
| |RTL Partition |Replication |Instances |
+-+--------------+------------+----------+
+-+--------------+------------+----------+
---------------------------------------------------------------------------------
Start IO Insertion
---------------------------------------------------------------------------------
---------------------------------------------------------------------------------
Start Flattening Before IO Insertion
---------------------------------------------------------------------------------
---------------------------------------------------------------------------------
Finished Flattening Before IO Insertion
---------------------------------------------------------------------------------
---------------------------------------------------------------------------------
Start Final Netlist Cleanup
---------------------------------------------------------------------------------
---------------------------------------------------------------------------------
Finished Final Netlist Cleanup
---------------------------------------------------------------------------------
---------------------------------------------------------------------------------
Finished IO Insertion : Time (s): cpu = 00:00:13 ; elapsed = 00:00:31 . Memory (MB): peak = 1424.000 ; gain = 252.539 ; free physical = 109669 ; free virtual = 137076
---------------------------------------------------------------------------------

Report Check Netlist: 
+------+------------------+-------+---------+-------+------------------+
|      |Item              |Errors |Warnings |Status |Description       |
+------+------------------+-------+---------+-------+------------------+
|1     |multi_driven_nets |      0|        0|Passed |Multi driven nets |
+------+------------------+-------+---------+-------+------------------+
---------------------------------------------------------------------------------
Start Renaming Generated Instances
---------------------------------------------------------------------------------
---------------------------------------------------------------------------------
Finished Renaming Generated Instances : Time (s): cpu = 00:00:13 ; elapsed = 00:00:31 . Memory (MB): peak = 1424.000 ; gain = 252.539 ; free physical = 109669 ; free virtual = 137076
---------------------------------------------------------------------------------

Report RTL Partitions: 
+-+--------------+------------+----------+
| |RTL Partition |Replication |Instances |
+-+--------------+------------+----------+
+-+--------------+------------+----------+
---------------------------------------------------------------------------------
Start Rebuilding User Hierarchy
---------------------------------------------------------------------------------
---------------------------------------------------------------------------------
Finished Rebuilding User Hierarchy : Time (s): cpu = 00:00:13 ; elapsed = 00:00:31 . Memory (MB): peak = 1424.000 ; gain = 252.539 ; free physical = 109669 ; free virtual = 137076
---------------------------------------------------------------------------------
---------------------------------------------------------------------------------
Start Renaming Generated Ports
---------------------------------------------------------------------------------
---------------------------------------------------------------------------------
Finished Renaming Generated Ports : Time (s): cpu = 00:00:13 ; elapsed = 00:00:31 . Memory (MB): peak = 1424.000 ; gain = 252.539 ; free physical = 109669 ; free virtual = 137076
---------------------------------------------------------------------------------
---------------------------------------------------------------------------------
Start Handling Custom Attributes
---------------------------------------------------------------------------------
---------------------------------------------------------------------------------
Finished Handling Custom Attributes : Time (s): cpu = 00:00:13 ; elapsed = 00:00:31 . Memory (MB): peak = 1424.000 ; gain = 252.539 ; free physical = 109669 ; free virtual = 137076
---------------------------------------------------------------------------------
---------------------------------------------------------------------------------
Start Renaming Generated Nets
---------------------------------------------------------------------------------
---------------------------------------------------------------------------------
Finished Renaming Generated Nets : Time (s): cpu = 00:00:13 ; elapsed = 00:00:31 . Memory (MB): peak = 1424.000 ; gain = 252.539 ; free physical = 109669 ; free virtual = 137076
---------------------------------------------------------------------------------
---------------------------------------------------------------------------------
Start Writing Synthesis Report
---------------------------------------------------------------------------------

Report BlackBoxes: 
+-+--------------+----------+
| |BlackBox name |Instances |
+-+--------------+----------+
+-+--------------+----------+

Report Cell Usage: 
+-+-----+------+
| |Cell |Count |
+-+-----+------+
+-+-----+------+

Report Instance Areas: 
+------+---------+-------+------+
|      |Instance |Module |Cells |
+------+---------+-------+------+
|1     |top      |       |     0|
+------+---------+-------+------+
---------------------------------------------------------------------------------
Finished Writing Synthesis Report : Time (s): cpu = 00:00:13 ; elapsed = 00:00:31 . Memory (MB): peak = 1424.000 ; gain = 252.539 ; free physical = 109669 ; free virtual = 137076
---------------------------------------------------------------------------------
Synthesis finished with 0 errors, 0 critical warnings and 2380 warnings.
Synthesis Optimization Runtime : Time (s): cpu = 00:00:13 ; elapsed = 00:00:31 . Memory (MB): peak = 1424.000 ; gain = 252.539 ; free physical = 109669 ; free virtual = 137076
Synthesis Optimization Complete : Time (s): cpu = 00:00:13 ; elapsed = 00:00:31 . Memory (MB): peak = 1424.008 ; gain = 252.539 ; free physical = 109669 ; free virtual = 137076
INFO: [Project 1-571] Translating synthesized netlist
INFO: [Project 1-570] Preparing netlist for logic optimization
INFO: [Opt 31-138] Pushed 0 inverter(s) to 0 load pin(s).
INFO: [Project 1-111] Unisim Transformation Summary:
No Unisim elements were transformed.

INFO: [Common 17-83] Releasing license: Synthesis
174 Infos, 112 Warnings, 0 Critical Warnings and 0 Errors encountered.
synth_design completed successfully
synth_design: Time (s): cpu = 00:00:16 ; elapsed = 00:00:33 . Memory (MB): peak = 1503.023 ; gain = 343.207 ; free physical = 109646 ; free virtual = 137053
WARNING: [Constraints 18-5210] No constraint will be written out.
INFO: [Common 17-1381] The checkpoint '/home/g_robert/tmp_PSI/projet-info/processeur/processeur.runs/synth_1/CPU.dcp' has been generated.
INFO: [runtcl-4] Executing : report_utilization -file CPU_utilization_synth.rpt -pb CPU_utilization_synth.pb
report_utilization: Time (s): cpu = 00:00:00.10 ; elapsed = 00:00:00.16 . Memory (MB): peak = 1527.035 ; gain = 0.000 ; free physical = 109648 ; free virtual = 137055
INFO: [Common 17-206] Exiting Vivado at Mon May 29 14:58:09 2023...
